Log file open, 08/04/20 12:39:50
LogWindows: Failed to load 'aqProf.dll' (GetLastError=126)
LogWindows: File 'aqProf.dll' does not exist
LogWindows: Failed to load 'VtuneApi.dll' (GetLastError=126)
LogWindows: File 'VtuneApi.dll' does not exist
LogWindows: Failed to load 'VtuneApi32e.dll' (GetLastError=126)
LogWindows: File 'VtuneApi32e.dll' does not exist
LogConsoleResponse: Display: Failed to find resolution value strings in scalability ini. Falling back to default.
LogInit: Display: Running engine for game: MissilWarsVPerfory
LogPlatformFile: Not using cached read wrapper
LogTaskGraph: Started task graph with 5 named threads and 11 total threads with 3 sets of task threads.
LogStats: Stats thread started at 0.908316
LogD3D11RHI: Loaded GFSDK_Aftermath_Lib.x64.dll
LogICUInternationalization: ICU TimeZone Detection - Raw Offset: +1:00, Platform Override: ''
LogPluginManager: Mounting plugin Paper2D
LogPluginManager: Mounting plugin AISupport
LogPluginManager: Mounting plugin LightPropagationVolume
LogPluginManager: Mounting plugin ActorLayerUtilities
LogPluginManager: Mounting plugin AnimationSharing
LogPluginManager: Mounting plugin CLionSourceCodeAccess
LogPluginManager: Mounting plugin CodeLiteSourceCodeAccess
LogPluginManager: Mounting plugin GitSourceControl
LogPluginManager: Mounting plugin KDevelopSourceCodeAccess
LogPluginManager: Mounting plugin NullSourceCodeAccess
LogPluginManager: Mounting plugin PerforceSourceControl
LogPluginManager: Mounting plugin SubversionSourceControl
LogPluginManager: Mounting plugin UObjectPlugin
LogPluginManager: Mounting plugin VisualStudioCodeSourceCodeAccess
LogPluginManager: Mounting plugin VisualStudioSourceCodeAccess
LogPluginManager: Mounting plugin XCodeSourceCodeAccess
LogPluginManager: Mounting plugin AssetManagerEditor
LogPluginManager: Mounting plugin CryptoKeys
LogPluginManager: Mounting plugin CurveEditorTools
LogPluginManager: Mounting plugin DataValidation
LogPluginManager: Mounting plugin EditorScriptingUtilities
LogPluginManager: Mounting plugin FacialAnimation
LogPluginManager: Mounting plugin GameplayTagsEditor
LogPluginManager: Mounting plugin MacGraphicsSwitching
LogPluginManager: Mounting plugin MaterialAnalyzer
LogPluginManager: Mounting plugin MobileLauncherProfileWizard
LogPluginManager: Mounting plugin PluginBrowser
LogPluginManager: Mounting plugin SpeedTreeImporter
LogPluginManager: Mounting plugin DatasmithContent
LogPluginManager: Mounting plugin VariantManagerContent
LogPluginManager: Mounting plugin AlembicImporter
LogPluginManager: Mounting plugin AutomationUtils
LogPluginManager: Mounting plugin BackChannel
LogPluginManager: Mounting plugin CharacterAI
LogPluginManager: Mounting plugin GeometryCache
LogPluginManager: Mounting plugin HTML5Networking
LogPluginManager: Mounting plugin PlatformCrypto
LogPluginManager: Mounting plugin ProxyLODPlugin
LogPluginManager: Mounting plugin PythonScriptPlugin
LogPluginManager: Mounting plugin SkeletalReduction
LogPluginManager: Mounting plugin MagicLeap
LogPluginManager: Mounting plugin MagicLeapMedia
LogPluginManager: Mounting plugin AndroidMedia
LogPluginManager: Mounting plugin AvfMedia
LogPluginManager: Mounting plugin ImgMedia
LogPluginManager: Mounting plugin MediaCompositing
LogPluginManager: Mounting plugin MediaPlayerEditor
LogPluginManager: Mounting plugin WebMMedia
LogPluginManager: Mounting plugin WmfMedia
LogPluginManager: Mounting plugin TcpMessaging
LogPluginManager: Mounting plugin UdpMessaging
LogPluginManager: Mounting plugin ActorSequence
LogPluginManager: Mounting plugin LevelSequenceEditor
LogPluginManager: Mounting plugin MatineeToLevelSequence
LogPluginManager: Mounting plugin NetcodeUnitTest
LogPluginManager: Mounting plugin NUTUnrealEngine4
LogPluginManager: Mounting plugin OnlineSubsystemGooglePlay
LogPluginManager: Mounting plugin OnlineSubsystemIOS
LogPluginManager: Mounting plugin OnlineSubsystem
LogPluginManager: Mounting plugin OnlineSubsystemNull
LogPluginManager: Mounting plugin OnlineSubsystemUtils
LogPluginManager: Mounting plugin LauncherChunkInstaller
LogPluginManager: Mounting plugin AndroidDeviceProfileSelector
LogPluginManager: Mounting plugin AndroidMoviePlayer
LogPluginManager: Mounting plugin AndroidPermission
LogPluginManager: Mounting plugin AppleImageUtils
LogPluginManager: Mounting plugin AppleMoviePlayer
LogPluginManager: Mounting plugin ArchVisCharacter
LogPluginManager: Mounting plugin AudioCapture
LogPluginManager: Mounting plugin CableComponent
LogPluginManager: Mounting plugin CustomMeshComponent
LogPluginManager: Mounting plugin EditableMesh
LogPluginManager: Mounting plugin ExampleDeviceProfileSelector
LogPluginManager: Mounting plugin GoogleCloudMessaging
LogPluginManager: Mounting plugin IOSDeviceProfileSelector
LogPluginManager: Mounting plugin LinuxDeviceProfileSelector
LogPluginManager: Mounting plugin LocationServicesBPLibrary
LogPluginManager: Mounting plugin MobilePatchingUtils
LogPluginManager: Mounting plugin OculusVR
LogPluginManager: Mounting plugin PhysXVehicles
LogPluginManager: Mounting plugin ProceduralMeshComponent
LogPluginManager: Mounting plugin RuntimePhysXCooking
LogPluginManager: Mounting plugin SignificanceManager
LogPluginManager: Mounting plugin SteamVR
LogPluginManager: Mounting plugin WebMMoviePlayer
LogPluginManager: Mounting plugin WindowsMoviePlayer
LogPluginManager: Mounting plugin ScreenshotTools
LogInit: Using libcurl 7.55.1-DEV
LogInit:  - built for x86_64-pc-win32
LogInit:  - supports SSL with OpenSSL/1.1.1
LogInit:  - supports HTTP deflate (compression) using libz 1.2.8
LogInit:  - other features:
LogInit:      CURL_VERSION_SSL
LogInit:      CURL_VERSION_LIBZ
LogInit:      CURL_VERSION_IPV6
LogInit:      CURL_VERSION_ASYNCHDNS
LogInit:      CURL_VERSION_LARGEFILE
LogInit:      CURL_VERSION_IDN
LogInit:  CurlRequestOptions (configurable via config and command line):
LogInit:  - bVerifyPeer = true  - Libcurl will verify peer certificate
LogInit:  - bUseHttpProxy = false  - Libcurl will NOT use HTTP proxy
LogInit:  - bDontReuseConnections = false  - Libcurl will reuse connections
LogInit:  - MaxHostConnections = 16  - Libcurl will limit the number of connections to a host
LogInit:  - LocalHostAddr = Default
LogInit:  - BufferSize = 65536
LogOnline: OSS: Creating online subsystem instance for: NULL
LogInit: WinSock: version 1.1 (2.2), MaxSocks=32767, MaxUdp=65467
LogInit: Build: ++UE4+Release-4.23-CL-9631420
LogInit: Engine Version: 4.23.1-9631420+++UE4+Release-4.23
LogInit: Compatible Engine Version: 4.23.0-8386587+++UE4+Release-4.23
LogInit: Net CL: 8386587
LogInit: OS: Windows 10 (Release 1909) (), CPU: Intel(R) Core(TM) i7-7500U CPU @ 2.70GHz, GPU: Intel(R) HD Graphics 620
LogInit: Compiled (64-bit): Oct 18 2019 02:07:44
LogInit: Compiled with Visual C++: 19.16.27030.01
LogInit: Build Configuration: Development
LogInit: Branch Name: ++UE4+Release-4.23
LogInit: Command Line: 
LogInit: Base Directory: E:/Epic Games/Unreal Engine/UE_4.23/Engine/Binaries/Win64/
LogInit: Installed Engine Build: 1
LogDevObjectVersion: Number of dev versions registered: 23
LogDevObjectVersion:   Dev-Blueprints (B0D832E4-1F89-4F0D-ACCF-7EB736FD4AA2): 10
LogDevObjectVersion:   Dev-Build (E1C64328-A22C-4D53-A36C-8E866417BD8C): 0
LogDevObjectVersion:   Dev-Core (375EC13C-06E4-48FB-B500-84F0262A717E): 3
LogDevObjectVersion:   Dev-Editor (E4B068ED-F494-42E9-A231-DA0B2E46BB41): 34
LogDevObjectVersion:   Dev-Framework (CFFC743F-43B0-4480-9391-14DF171D2073): 35
LogDevObjectVersion:   Dev-Mobile (B02B49B5-BB20-44E9-A304-32B752E40360): 2
LogDevObjectVersion:   Dev-Networking (A4E4105C-59A1-49B5-A7C5-40C4547EDFEE): 0
LogDevObjectVersion:   Dev-Online (39C831C9-5AE6-47DC-9A44-9C173E1C8E7C): 0
LogDevObjectVersion:   Dev-Physics (78F01B33-EBEA-4F98-B9B4-84EACCB95AA2): 0
LogDevObjectVersion:   Dev-Platform (6631380F-2D4D-43E0-8009-CF276956A95A): 0
LogDevObjectVersion:   Dev-Rendering (12F88B9F-8875-4AFC-A67C-D90C383ABD29): 31
LogDevObjectVersion:   Dev-Sequencer (7B5AE74C-D270-4C10-A958-57980B212A5A): 11
LogDevObjectVersion:   Dev-VR (D7296918-1DD6-4BDD-9DE2-64A83CC13884): 2
LogDevObjectVersion:   Dev-LoadTimes (C2A15278-BFE7-4AFE-6C17-90FF531DF755): 1
LogDevObjectVersion:   Private-Geometry (6EACA3D4-40EC-4CC1-B786-8BED09428FC5): 3
LogDevObjectVersion:   Dev-AnimPhys (29E575DD-E0A3-4627-9D10-D276232CDCEA): 17
LogDevObjectVersion:   Dev-Anim (AF43A65D-7FD3-4947-9873-3E8ED9C1BB05): 2
LogDevObjectVersion:   Dev-ReflectionCapture (6B266CEC-1EC7-4B8F-A30B-E4D90942FC07): 1
LogDevObjectVersion:   Dev-Automation (0DF73D61-A23F-47EA-B727-89E90C41499A): 1
LogDevObjectVersion:   FortniteMain (601D1886-AC64-4F84-AA16-D3DE0DEAC7D6): 27
LogDevObjectVersion:   Dev-Enterprise (9DFFBCD6-494F-0158-E221-12823C92A888): 6
LogDevObjectVersion:   Dev-Niagara (F2AED0AC-9AFE-416F-8664-AA7FFA26D6FC): 1
LogDevObjectVersion:   Dev-Destruction (174F1F0B-B4C6-45A5-B13F-2EE8D0FB917D): 9
LogInit: Presizing for max 16777216 objects, including 0 objects not considered by GC, pre-allocating 0 bytes for permanent pool.
LogInit: Object subsystem initialized
LogConfig: Setting CVar [[con.DebugEarlyDefault:1]]
LogConfig: Setting CVar [[r.setres:1280x720]]
[2020.08.04-10.39.52:262][  0]LogConfig: Setting CVar [[r.VSync:0]]
[2020.08.04-10.39.52:262][  0]LogConfig: Setting CVar [[r.RHICmdBypass:0]]
[2020.08.04-10.39.52:262][  0]LogConfig: Applying CVar settings from Section [/Script/Engine.RendererSettings] File [C:/Users/user/Documents/Unreal Projects/MissilWarsVPerfory/Saved/Config/Windows/Engine.ini]
[2020.08.04-10.39.52:263][  0]LogConfig: Setting CVar [[r.GPUCrashDebugging:0]]
[2020.08.04-10.39.52:263][  0]LogConfig: Setting CVar [[r.DefaultFeature.AutoExposure.ExtendDefaultLuminanceRange:1]]
[2020.08.04-10.39.52:263][  0]LogConfig: Applying CVar settings from Section [/Script/Engine.RendererOverrideSettings] File [C:/Users/user/Documents/Unreal Projects/MissilWarsVPerfory/Saved/Config/Windows/Engine.ini]
[2020.08.04-10.39.52:263][  0]LogConfig: Applying CVar settings from Section [/Script/Engine.StreamingSettings] File [C:/Users/user/Documents/Unreal Projects/MissilWarsVPerfory/Saved/Config/Windows/Engine.ini]
[2020.08.04-10.39.52:263][  0]LogConfig: Setting CVar [[s.MinBulkDataSizeForAsyncLoading:131072]]
[2020.08.04-10.39.52:263][  0]LogConfig: Setting CVar [[s.AsyncLoadingThreadEnabled:0]]
[2020.08.04-10.39.52:263][  0]LogConfig: Setting CVar [[s.EventDrivenLoaderEnabled:1]]
[2020.08.04-10.39.52:263][  0]LogConfig: Setting CVar [[s.WarnIfTimeLimitExceeded:0]]
[2020.08.04-10.39.52:264][  0]LogConfig: Setting CVar [[s.TimeLimitExceededMultiplier:1.5]]
[2020.08.04-10.39.52:264][  0]LogConfig: Setting CVar [[s.TimeLimitExceededMinTime:0.005]]
[2020.08.04-10.39.52:264][  0]LogConfig: Setting CVar [[s.UseBackgroundLevelStreaming:1]]
[2020.08.04-10.39.52:264][  0]LogConfig: Setting CVar [[s.PriorityAsyncLoadingExtraTime:15.0]]
[2020.08.04-10.39.52:264][  0]LogConfig: Setting CVar [[s.LevelStreamingActorsUpdateTimeLimit:5.0]]
[2020.08.04-10.39.52:264][  0]LogConfig: Setting CVar [[s.PriorityLevelStreamingActorsUpdateExtraTime:5.0]]
[2020.08.04-10.39.52:264][  0]LogConfig: Setting CVar [[s.LevelStreamingComponentsRegistrationGranularity:10]]
[2020.08.04-10.39.52:264][  0]LogConfig: Setting CVar [[s.UnregisterComponentsTimeLimit:1.0]]
[2020.08.04-10.39.52:264][  0]LogConfig: Setting CVar [[s.LevelStreamingComponentsUnregistrationGranularity:5]]
[2020.08.04-10.39.52:264][  0]LogConfig: Applying CVar settings from Section [/Script/Engine.GarbageCollectionSettings] File [C:/Users/user/Documents/Unreal Projects/MissilWarsVPerfory/Saved/Config/Windows/Engine.ini]
[2020.08.04-10.39.52:264][  0]LogConfig: Setting CVar [[gc.MaxObjectsNotConsideredByGC:1]]
[2020.08.04-10.39.52:264][  0]LogConfig: Setting CVar [[gc.SizeOfPermanentObjectPool:0]]
[2020.08.04-10.39.52:264][  0]LogConfig: Setting CVar [[gc.FlushStreamingOnGC:0]]
[2020.08.04-10.39.52:264][  0]LogConfig: Setting CVar [[gc.NumRetriesBeforeForcingGC:10]]
[2020.08.04-10.39.52:264][  0]LogConfig: Setting CVar [[gc.AllowParallelGC:1]]
[2020.08.04-10.39.52:264][  0]LogConfig: Setting CVar [[gc.TimeBetweenPurgingPendingKillObjects:61.1]]
[2020.08.04-10.39.52:264][  0]LogConfig: Setting CVar [[gc.MaxObjectsInEditor:16777216]]
[2020.08.04-10.39.52:264][  0]LogConfig: Setting CVar [[gc.IncrementalBeginDestroyEnabled:1]]
[2020.08.04-10.39.52:264][  0]LogConfig: Setting CVar [[gc.CreateGCClusters:1]]
[2020.08.04-10.39.52:264][  0]LogConfig: Setting CVar [[gc.MinGCClusterSize:5]]
[2020.08.04-10.39.52:264][  0]LogConfig: Setting CVar [[gc.ActorClusteringEnabled:0]]
[2020.08.04-10.39.52:264][  0]LogConfig: Setting CVar [[gc.BlueprintClusteringEnabled:0]]
[2020.08.04-10.39.52:264][  0]LogConfig: Setting CVar [[gc.UseDisregardForGCOnDedicatedServers:0]]
[2020.08.04-10.39.52:264][  0]LogConfig: Applying CVar settings from Section [/Script/Engine.NetworkSettings] File [C:/Users/user/Documents/Unreal Projects/MissilWarsVPerfory/Saved/Config/Windows/Engine.ini]
[2020.08.04-10.39.52:264][  0]LogConfig: Applying CVar settings from Section [/Script/UnrealEd.CookerSettings] File [C:/Users/user/Documents/Unreal Projects/MissilWarsVPerfory/Saved/Config/Windows/Engine.ini]
[2020.08.04-10.39.52:273][  0]LogConfig: Applying CVar settings from Section [ViewDistanceQuality@3] File [C:/Users/user/Documents/Unreal Projects/MissilWarsVPerfory/Saved/Config/Windows/Scalability.ini]
[2020.08.04-10.39.52:273][  0]LogConfig: Setting CVar [[r.SkeletalMeshLODBias:0]]
[2020.08.04-10.39.52:273][  0]LogConfig: Setting CVar [[r.ViewDistanceScale:1.0]]
[2020.08.04-10.39.52:273][  0]LogConfig: Applying CVar settings from Section [AntiAliasingQuality@3] File [C:/Users/user/Documents/Unreal Projects/MissilWarsVPerfory/Saved/Config/Windows/Scalability.ini]
[2020.08.04-10.39.52:274][  0]LogConfig: Setting CVar [[r.PostProcessAAQuality:4]]
[2020.08.04-10.39.52:274][  0]LogConfig: Applying CVar settings from Section [ShadowQuality@3] File [C:/Users/user/Documents/Unreal Projects/MissilWarsVPerfory/Saved/Config/Windows/Scalability.ini]
[2020.08.04-10.39.52:274][  0]LogConfig: Setting CVar [[r.LightFunctionQuality:1]]
[2020.08.04-10.39.52:274][  0]LogConfig: Setting CVar [[r.ShadowQuality:5]]
[2020.08.04-10.39.52:274][  0]LogConfig: Setting CVar [[r.Shadow.CSM.MaxCascades:10]]
[2020.08.04-10.39.52:274][  0]LogConfig: Setting CVar [[r.Shadow.MaxResolution:2048]]
[2020.08.04-10.39.52:274][  0]LogConfig: Setting CVar [[r.Shadow.MaxCSMResolution:2048]]
[2020.08.04-10.39.52:274][  0]LogConfig: Setting CVar [[r.Shadow.RadiusThreshold:0.01]]
[2020.08.04-10.39.52:274][  0]LogConfig: Setting CVar [[r.Shadow.DistanceScale:1.0]]
[2020.08.04-10.39.52:274][  0]LogConfig: Setting CVar [[r.Shadow.CSM.TransitionScale:1.0]]
[2020.08.04-10.39.52:274][  0]LogConfig: Setting CVar [[r.Shadow.PreShadowResolutionFactor:1.0]]
[2020.08.04-10.39.52:274][  0]LogConfig: Setting CVar [[r.DistanceFieldShadowing:1]]
[2020.08.04-10.39.52:274][  0]LogConfig: Setting CVar [[r.DistanceFieldAO:1]]
[2020.08.04-10.39.52:274][  0]LogConfig: Setting CVar [[r.AOQuality:2]]
[2020.08.04-10.39.52:274][  0]LogConfig: Setting CVar [[r.VolumetricFog:1]]
[2020.08.04-10.39.52:274][  0]LogConfig: Setting CVar [[r.VolumetricFog.GridPixelSize:8]]
[2020.08.04-10.39.52:274][  0]LogConfig: Setting CVar [[r.VolumetricFog.GridSizeZ:128]]
[2020.08.04-10.39.52:274][  0]LogConfig: Setting CVar [[r.VolumetricFog.HistoryMissSupersampleCount:4]]
[2020.08.04-10.39.52:274][  0]LogConfig: Setting CVar [[r.LightMaxDrawDistanceScale:1]]
[2020.08.04-10.39.52:274][  0]LogConfig: Setting CVar [[r.CapsuleShadows:1]]
[2020.08.04-10.39.52:274][  0]LogConfig: Applying CVar settings from Section [PostProcessQuality@3] File [C:/Users/user/Documents/Unreal Projects/MissilWarsVPerfory/Saved/Config/Windows/Scalability.ini]
[2020.08.04-10.39.52:274][  0]LogConfig: Setting CVar [[r.MotionBlurQuality:4]]
[2020.08.04-10.39.52:274][  0]LogConfig: Setting CVar [[r.AmbientOcclusionMipLevelFactor:0.4]]
[2020.08.04-10.39.52:274][  0]LogConfig: Setting CVar [[r.AmbientOcclusionMaxQuality:100]]
[2020.08.04-10.39.52:274][  0]LogConfig: Setting CVar [[r.AmbientOcclusionLevels:-1]]
[2020.08.04-10.39.52:274][  0]LogConfig: Setting CVar [[r.AmbientOcclusionRadiusScale:1.0]]
[2020.08.04-10.39.52:274][  0]LogConfig: Setting CVar [[r.DepthOfFieldQuality:2]]
[2020.08.04-10.39.52:274][  0]LogConfig: Setting CVar [[r.RenderTargetPoolMin:400]]
[2020.08.04-10.39.52:275][  0]LogConfig: Setting CVar [[r.LensFlareQuality:2]]
[2020.08.04-10.39.52:275][  0]LogConfig: Setting CVar [[r.SceneColorFringeQuality:1]]
[2020.08.04-10.39.52:275][  0]LogConfig: Setting CVar [[r.EyeAdaptationQuality:2]]
[2020.08.04-10.39.52:275][  0]LogConfig: Setting CVar [[r.BloomQuality:5]]
[2020.08.04-10.39.52:275][  0]LogConfig: Setting CVar [[r.FastBlurThreshold:100]]
[2020.08.04-10.39.52:275][  0]LogConfig: Setting CVar [[r.Upscale.Quality:3]]
[2020.08.04-10.39.52:275][  0]LogConfig: Setting CVar [[r.Tonemapper.GrainQuantization:1]]
[2020.08.04-10.39.52:275][  0]LogConfig: Setting CVar [[r.LightShaftQuality:1]]
[2020.08.04-10.39.52:275][  0]LogConfig: Setting CVar [[r.Filter.SizeScale:1]]
[2020.08.04-10.39.52:275][  0]LogConfig: Setting CVar [[r.Tonemapper.Quality:5]]
[2020.08.04-10.39.52:275][  0]LogConfig: Setting CVar [[r.DOF.Gather.AccumulatorQuality:1        ; higher gathering accumulator quality]]
[2020.08.04-10.39.52:275][  0]LogConfig: Setting CVar [[r.DOF.Gather.PostfilterMethod:1          ; Median3x3 postfilering method]]
[2020.08.04-10.39.52:275][  0]LogConfig: Setting CVar [[r.DOF.Gather.EnableBokehSettings:0       ; no bokeh simulation when gathering]]
[2020.08.04-10.39.52:275][  0]LogConfig: Setting CVar [[r.DOF.Gather.RingCount:4                 ; medium number of samples when gathering]]
[2020.08.04-10.39.52:275][  0]LogConfig: Setting CVar [[r.DOF.Scatter.ForegroundCompositing:1    ; additive foreground scattering]]
[2020.08.04-10.39.52:275][  0]LogConfig: Setting CVar [[r.DOF.Scatter.BackgroundCompositing:2    ; additive background scattering]]
[2020.08.04-10.39.52:275][  0]LogConfig: Setting CVar [[r.DOF.Scatter.EnableBokehSettings:1      ; bokeh simulation when scattering]]
[2020.08.04-10.39.52:276][  0]LogConfig: Setting CVar [[r.DOF.Scatter.MaxSpriteRatio:0.1         ; only a maximum of 10% of scattered bokeh]]
[2020.08.04-10.39.52:276][  0]LogConfig: Setting CVar [[r.DOF.Recombine.Quality:1                ; cheap slight out of focus]]
[2020.08.04-10.39.52:276][  0]LogConfig: Setting CVar [[r.DOF.Recombine.EnableBokehSettings:0    ; no bokeh simulation on slight out of focus]]
[2020.08.04-10.39.52:276][  0]LogConfig: Setting CVar [[r.DOF.TemporalAAQuality:1                ; more stable temporal accumulation]]
[2020.08.04-10.39.52:276][  0]LogConfig: Setting CVar [[r.DOF.Kernel.MaxForegroundRadius:0.025]]
[2020.08.04-10.39.52:276][  0]LogConfig: Setting CVar [[r.DOF.Kernel.MaxBackgroundRadius:0.025]]
[2020.08.04-10.39.52:276][  0]LogConfig: Applying CVar settings from Section [TextureQuality@3] File [C:/Users/user/Documents/Unreal Projects/MissilWarsVPerfory/Saved/Config/Windows/Scalability.ini]
[2020.08.04-10.39.52:276][  0]LogConfig: Setting CVar [[r.Streaming.MipBias:0]]
[2020.08.04-10.39.52:276][  0]LogConfig: Setting CVar [[r.Streaming.AmortizeCPUToGPUCopy:0]]
[2020.08.04-10.39.52:276][  0]LogConfig: Setting CVar [[r.Streaming.MaxNumTexturesToStreamPerFrame:0]]
[2020.08.04-10.39.52:276][  0]LogConfig: Setting CVar [[r.Streaming.Boost:1]]
[2020.08.04-10.39.52:276][  0]LogConfig: Setting CVar [[r.MaxAnisotropy:8]]
[2020.08.04-10.39.52:276][  0]LogConfig: Setting CVar [[r.Streaming.LimitPoolSizeToVRAM:0]]
[2020.08.04-10.39.52:276][  0]LogConfig: Setting CVar [[r.Streaming.PoolSize:1000]]
[2020.08.04-10.39.52:276][  0]LogConfig: Setting CVar [[r.Streaming.MaxEffectiveScreenSize:0]]
[2020.08.04-10.39.52:276][  0]LogConfig: Applying CVar settings from Section [EffectsQuality@3] File [C:/Users/user/Documents/Unreal Projects/MissilWarsVPerfory/Saved/Config/Windows/Scalability.ini]
[2020.08.04-10.39.52:276][  0]LogConfig: Setting CVar [[r.TranslucencyLightingVolumeDim:64]]
[2020.08.04-10.39.52:276][  0]LogConfig: Setting CVar [[r.RefractionQuality:2]]
[2020.08.04-10.39.52:277][  0]LogConfig: Setting CVar [[r.SSR.Quality:3]]
[2020.08.04-10.39.52:277][  0]LogConfig: Setting CVar [[r.SceneColorFormat:4]]
[2020.08.04-10.39.52:277][  0]LogConfig: Setting CVar [[r.DetailMode:2]]
[2020.08.04-10.39.52:277][  0]LogConfig: Setting CVar [[r.TranslucencyVolumeBlur:1]]
[2020.08.04-10.39.52:277][  0]LogConfig: Setting CVar [[r.MaterialQualityLevel:1 ; High quality]]
[2020.08.04-10.39.52:277][  0]LogConfig: Setting CVar [[r.SSS.Scale:1]]
[2020.08.04-10.39.52:277][  0]LogConfig: Setting CVar [[r.SSS.SampleSet:2]]
[2020.08.04-10.39.52:277][  0]LogConfig: Setting CVar [[r.SSS.Quality:1]]
[2020.08.04-10.39.52:277][  0]LogConfig: Setting CVar [[r.SSS.HalfRes:1]]
[2020.08.04-10.39.52:277][  0]LogConfig: Setting CVar [[r.EmitterSpawnRateScale:1.0]]
[2020.08.04-10.39.52:277][  0]LogConfig: Setting CVar [[r.ParticleLightQuality:2]]
[2020.08.04-10.39.52:277][  0]LogConfig: Applying CVar settings from Section [FoliageQuality@3] File [C:/Users/user/Documents/Unreal Projects/MissilWarsVPerfory/Saved/Config/Windows/Scalability.ini]
[2020.08.04-10.39.52:277][  0]LogConfig: Setting CVar [[foliage.DensityScale:1.0]]
[2020.08.04-10.39.52:277][  0]LogConfig: Setting CVar [[grass.DensityScale:1.0]]
[2020.08.04-10.39.52:277][  0]LogInit: Selected Device Profile: [Windows]
[2020.08.04-10.39.52:278][  0]LogInit: Applying CVar settings loaded from the selected device profile: [Windows]
[2020.08.04-10.39.52:285][  0]LogHAL: Display: Platform has ~ 16 GB [17091694592 / 17179869184 / 16], which maps to Larger [LargestMinGB=32, LargerMinGB=12, DefaultMinGB=8, SmallerMinGB=6, SmallestMinGB=0)
[2020.08.04-10.39.52:285][  0]LogInit: Going up to parent DeviceProfile []
[2020.08.04-10.39.52:285][  0]LogConfig: Applying CVar settings from Section [ViewDistanceQuality@1] File [C:/Users/user/Documents/Unreal Projects/MissilWarsVPerfory/Saved/Config/Windows/Scalability.ini]
[2020.08.04-10.39.52:285][  0]LogConfig: Setting CVar [[r.SkeletalMeshLODBias:1]]
[2020.08.04-10.39.52:285][  0]LogConfig: Setting CVar [[r.ViewDistanceScale:0.6]]
[2020.08.04-10.39.52:285][  0]LogConfig: Applying CVar settings from Section [AntiAliasingQuality@1] File [C:/Users/user/Documents/Unreal Projects/MissilWarsVPerfory/Saved/Config/Windows/Scalability.ini]
[2020.08.04-10.39.52:285][  0]LogConfig: Setting CVar [[r.PostProcessAAQuality:2]]
[2020.08.04-10.39.52:285][  0]LogConfig: Applying CVar settings from Section [ShadowQuality@1] File [C:/Users/user/Documents/Unreal Projects/MissilWarsVPerfory/Saved/Config/Windows/Scalability.ini]
[2020.08.04-10.39.52:285][  0]LogConfig: Setting CVar [[r.LightFunctionQuality:1]]
[2020.08.04-10.39.52:285][  0]LogConfig: Setting CVar [[r.ShadowQuality:3]]
[2020.08.04-10.39.52:285][  0]LogConfig: Setting CVar [[r.Shadow.CSM.MaxCascades:1]]
[2020.08.04-10.39.52:285][  0]LogConfig: Setting CVar [[r.Shadow.MaxResolution:1024]]
[2020.08.04-10.39.52:285][  0]LogConfig: Setting CVar [[r.Shadow.MaxCSMResolution:1024]]
[2020.08.04-10.39.52:285][  0]LogConfig: Setting CVar [[r.Shadow.RadiusThreshold:0.05]]
[2020.08.04-10.39.52:285][  0]LogConfig: Setting CVar [[r.Shadow.DistanceScale:0.7]]
[2020.08.04-10.39.52:285][  0]LogConfig: Setting CVar [[r.Shadow.CSM.TransitionScale:0.25]]
[2020.08.04-10.39.52:285][  0]LogConfig: Setting CVar [[r.Shadow.PreShadowResolutionFactor:0.5]]
[2020.08.04-10.39.52:285][  0]LogConfig: Setting CVar [[r.DistanceFieldShadowing:0]]
[2020.08.04-10.39.52:285][  0]LogConfig: Setting CVar [[r.DistanceFieldAO:0]]
[2020.08.04-10.39.52:285][  0]LogConfig: Setting CVar [[r.VolumetricFog:0]]
[2020.08.04-10.39.52:285][  0]LogConfig: Setting CVar [[r.LightMaxDrawDistanceScale:.5]]
[2020.08.04-10.39.52:285][  0]LogConfig: Setting CVar [[r.CapsuleShadows:1]]
[2020.08.04-10.39.52:285][  0]LogConfig: Applying CVar settings from Section [PostProcessQuality@1] File [C:/Users/user/Documents/Unreal Projects/MissilWarsVPerfory/Saved/Config/Windows/Scalability.ini]
[2020.08.04-10.39.52:285][  0]LogConfig: Setting CVar [[r.MotionBlurQuality:3]]
[2020.08.04-10.39.52:285][  0]LogConfig: Setting CVar [[r.AmbientOcclusionMipLevelFactor:1.0]]
[2020.08.04-10.39.52:285][  0]LogConfig: Setting CVar [[r.AmbientOcclusionMaxQuality:60]]
[2020.08.04-10.39.52:285][  0]LogConfig: Setting CVar [[r.AmbientOcclusionLevels:-1]]
[2020.08.04-10.39.52:285][  0]LogConfig: Setting CVar [[r.AmbientOcclusionRadiusScale:1.5]]
[2020.08.04-10.39.52:286][  0]LogConfig: Setting CVar [[r.DepthOfFieldQuality:1]]
[2020.08.04-10.39.52:286][  0]LogConfig: Setting CVar [[r.RenderTargetPoolMin:350]]
[2020.08.04-10.39.52:286][  0]LogConfig: Setting CVar [[r.LensFlareQuality:0]]
[2020.08.04-10.39.52:286][  0]LogConfig: Setting CVar [[r.SceneColorFringeQuality:0]]
[2020.08.04-10.39.52:286][  0]LogConfig: Setting CVar [[r.EyeAdaptationQuality:0]]
[2020.08.04-10.39.52:286][  0]LogConfig: Setting CVar [[r.BloomQuality:4]]
[2020.08.04-10.39.52:286][  0]LogConfig: Setting CVar [[r.FastBlurThreshold:2]]
[2020.08.04-10.39.52:286][  0]LogConfig: Setting CVar [[r.Upscale.Quality:2]]
[2020.08.04-10.39.52:286][  0]LogConfig: Setting CVar [[r.Tonemapper.GrainQuantization:0]]
[2020.08.04-10.39.52:286][  0]LogConfig: Setting CVar [[r.LightShaftQuality:0]]
[2020.08.04-10.39.52:286][  0]LogConfig: Setting CVar [[r.Filter.SizeScale:0.7]]
[2020.08.04-10.39.52:286][  0]LogConfig: Setting CVar [[r.Tonemapper.Quality:2]]
[2020.08.04-10.39.52:286][  0]LogConfig: Setting CVar [[r.DOF.Gather.AccumulatorQuality:0        ; lower gathering accumulator quality]]
[2020.08.04-10.39.52:286][  0]LogConfig: Setting CVar [[r.DOF.Gather.PostfilterMethod:2          ; Max3x3 postfilering method]]
[2020.08.04-10.39.52:286][  0]LogConfig: Setting CVar [[r.DOF.Gather.EnableBokehSettings:0       ; no bokeh simulation when gathering]]
[2020.08.04-10.39.52:286][  0]LogConfig: Setting CVar [[r.DOF.Gather.RingCount:3                 ; low number of samples when gathering]]
[2020.08.04-10.39.52:286][  0]LogConfig: Setting CVar [[r.DOF.Scatter.ForegroundCompositing:0    ; no foreground scattering]]
[2020.08.04-10.39.52:286][  0]LogConfig: Setting CVar [[r.DOF.Scatter.BackgroundCompositing:0    ; no foreground scattering]]
[2020.08.04-10.39.52:286][  0]LogConfig: Setting CVar [[r.DOF.Recombine.Quality:0                ; no slight out of focus]]
[2020.08.04-10.39.52:287][  0]LogConfig: Setting CVar [[r.DOF.TemporalAAQuality:0                ; faster temporal accumulation]]
[2020.08.04-10.39.52:287][  0]LogConfig: Setting CVar [[r.DOF.Kernel.MaxForegroundRadius:0.006   ; required because low gathering and no scattering and not looking great at 1080p]]
[2020.08.04-10.39.52:287][  0]LogConfig: Setting CVar [[r.DOF.Kernel.MaxBackgroundRadius:0.006   ; required because low gathering and no scattering and not looking great at 1080p]]
[2020.08.04-10.39.52:287][  0]LogConfig: Applying CVar settings from Section [TextureQuality@1] File [C:/Users/user/Documents/Unreal Projects/MissilWarsVPerfory/Saved/Config/Windows/Scalability.ini]
[2020.08.04-10.39.52:287][  0]LogConfig: Setting CVar [[r.Streaming.MipBias:1]]
[2020.08.04-10.39.52:287][  0]LogConfig: Setting CVar [[r.Streaming.AmortizeCPUToGPUCopy:0]]
[2020.08.04-10.39.52:287][  0]LogConfig: Setting CVar [[r.Streaming.MaxNumTexturesToStreamPerFrame:0]]
[2020.08.04-10.39.52:287][  0]LogConfig: Setting CVar [[r.Streaming.Boost:1]]
[2020.08.04-10.39.52:287][  0]LogConfig: Setting CVar [[r.MaxAnisotropy:2]]
[2020.08.04-10.39.52:287][  0]LogConfig: Setting CVar [[r.Streaming.LimitPoolSizeToVRAM:1]]
[2020.08.04-10.39.52:287][  0]LogConfig: Setting CVar [[r.Streaming.PoolSize:600]]
[2020.08.04-10.39.52:287][  0]LogConfig: Setting CVar [[r.Streaming.MaxEffectiveScreenSize:0]]
[2020.08.04-10.39.52:287][  0]LogConfig: Applying CVar settings from Section [EffectsQuality@1] File [C:/Users/user/Documents/Unreal Projects/MissilWarsVPerfory/Saved/Config/Windows/Scalability.ini]
[2020.08.04-10.39.52:287][  0]LogConfig: Setting CVar [[r.TranslucencyLightingVolumeDim:32]]
[2020.08.04-10.39.52:287][  0]LogConfig: Setting CVar [[r.RefractionQuality:0]]
[2020.08.04-10.39.52:287][  0]LogConfig: Setting CVar [[r.SSR.Quality:0]]
[2020.08.04-10.39.52:287][  0]LogConfig: Setting CVar [[r.SceneColorFormat:3]]
[2020.08.04-10.39.52:287][  0]LogConfig: Setting CVar [[r.DetailMode:1]]
[2020.08.04-10.39.52:287][  0]LogConfig: Setting CVar [[r.TranslucencyVolumeBlur:0]]
[2020.08.04-10.39.52:288][  0]LogConfig: Setting CVar [[r.MaterialQualityLevel:2 ; Medium quality]]
[2020.08.04-10.39.52:288][  0]LogConfig: Setting CVar [[r.SSS.Scale:0.75]]
[2020.08.04-10.39.52:288][  0]LogConfig: Setting CVar [[r.SSS.SampleSet:0]]
[2020.08.04-10.39.52:288][  0]LogConfig: Setting CVar [[r.SSS.Quality:0]]
[2020.08.04-10.39.52:288][  0]LogConfig: Setting CVar [[r.SSS.HalfRes:1]]
[2020.08.04-10.39.52:288][  0]LogConfig: Setting CVar [[r.EmitterSpawnRateScale:0.25]]
[2020.08.04-10.39.52:288][  0]LogConfig: Setting CVar [[r.ParticleLightQuality:0]]
[2020.08.04-10.39.52:288][  0]LogConfig: Applying CVar settings from Section [FoliageQuality@1] File [C:/Users/user/Documents/Unreal Projects/MissilWarsVPerfory/Saved/Config/Windows/Scalability.ini]
[2020.08.04-10.39.52:288][  0]LogConfig: Setting CVar [[foliage.DensityScale:0.4]]
[2020.08.04-10.39.52:288][  0]LogConfig: Setting CVar [[grass.DensityScale:0.4]]
[2020.08.04-10.39.52:288][  0]LogConfig: Applying CVar settings from Section [Startup] File [../../../Engine/Config/ConsoleVariables.ini]
[2020.08.04-10.39.52:288][  0]LogConfig: Setting CVar [[net.UseAdaptiveNetUpdateFrequency:0]]
[2020.08.04-10.39.52:289][  0]LogConfig: Setting CVar [[p.chaos.AllowCreatePhysxBodies:1]]
[2020.08.04-10.39.52:289][  0]LogConfig: Applying CVar settings from Section [ConsoleVariables] File [C:/Users/user/Documents/Unreal Projects/MissilWarsVPerfory/Saved/Config/Windows/Engine.ini]
[2020.08.04-10.39.52:289][  0]LogInit: Computer: DESKTOP-DQ42AU9
[2020.08.04-10.39.52:289][  0]LogInit: User: user
[2020.08.04-10.39.52:289][  0]LogInit: CPU Page size=4096, Cores=2
[2020.08.04-10.39.52:289][  0]LogInit: High frequency timer resolution =10.000000 MHz
[2020.08.04-10.39.52:289][  0]LogMemory: Memory total: Physical=15.9GB (16GB approx)
[2020.08.04-10.39.52:289][  0]LogMemory: Platform Memory Stats for Windows
[2020.08.04-10.39.52:289][  0]LogMemory: Process Physical Memory: 101.21 MB used, 101.22 MB peak
[2020.08.04-10.39.52:289][  0]LogMemory: Process Virtual Memory: 100.52 MB used, 100.53 MB peak
[2020.08.04-10.39.52:289][  0]LogMemory: Physical Memory: 5906.48 MB used,  10393.43 MB free, 16299.91 MB total
[2020.08.04-10.39.52:290][  0]LogMemory: Virtual Memory: 4641.64 MB used,  134213088.00 MB free, 134217728.00 MB total
[2020.08.04-10.39.52:296][  0]LogWindows: WindowsPlatformFeatures enabled
[2020.08.04-10.39.53:066][  0]LogInit: Using OS detected language (fr-FR).
[2020.08.04-10.39.53:066][  0]LogInit: Using OS detected locale (fr-FR).
[2020.08.04-10.39.53:070][  0]LogTextLocalizationManager: No specific localization for 'fr-FR' exists, so the 'fr' localization will be used.
[2020.08.04-10.39.53:070][  0]LogTextLocalizationResource: LocRes '../../../Engine/Content/Localization/Editor/fr/Editor.locres' could not be opened for reading!
[2020.08.04-10.39.53:071][  0]LogTextLocalizationResource: LocRes '../../../Engine/Content/Localization/EditorTutorials/fr/EditorTutorials.locres' could not be opened for reading!
[2020.08.04-10.39.53:071][  0]LogTextLocalizationResource: LocRes '../../../Engine/Content/Localization/Keywords/fr/Keywords.locres' could not be opened for reading!
[2020.08.04-10.39.53:071][  0]LogTextLocalizationResource: LocRes '../../../Engine/Content/Localization/Category/fr/Category.locres' could not be opened for reading!
[2020.08.04-10.39.53:071][  0]LogTextLocalizationResource: LocRes '../../../Engine/Content/Localization/ToolTips/fr/ToolTips.locres' could not be opened for reading!
[2020.08.04-10.39.53:071][  0]LogTextLocalizationResource: LocRes '../../../Engine/Content/Localization/PropertyNames/fr/PropertyNames.locres' could not be opened for reading!
[2020.08.04-10.39.53:071][  0]LogTextLocalizationResource: LocRes '../../../Engine/Content/Localization/Engine/fr/Engine.locres' could not be opened for reading!
[2020.08.04-10.39.53:073][  0]LogInit: Setting process to per monitor DPI aware
[2020.08.04-10.39.53:481][  0]LogSlate: New Slate User Created.  User Index 0, Is Virtual User: 0
[2020.08.04-10.39.53:481][  0]LogSlate: Slate User Registered.  User Index 0, Is Virtual User: 0
[2020.08.04-10.39.53:973][  0]LogHMD: Failed to initialize OpenVR with code 110
[2020.08.04-10.39.53:973][  0]LogD3D11RHI: D3D11 adapters:
[2020.08.04-10.39.54:078][  0]LogD3D11RHI:    0. 'AMD Radeon (TM) R7 M340' (Feature Level 11_0)
[2020.08.04-10.39.54:078][  0]LogD3D11RHI:       2039/0/8149 MB DedicatedVideo/DedicatedSystem/SharedSystem, Outputs:1, VendorId:0x1002
[2020.08.04-10.39.54:157][  0]LogD3D11RHI:    1. 'Intel(R) HD Graphics 620' (Feature Level 11_0)
[2020.08.04-10.39.54:157][  0]LogD3D11RHI:       128/0/8149 MB DedicatedVideo/DedicatedSystem/SharedSystem, Outputs:0, VendorId:0x8086
[2020.08.04-10.39.54:193][  0]LogD3D11RHI:    2. 'Microsoft Basic Render Driver' (Feature Level 11_0)
[2020.08.04-10.39.54:193][  0]LogD3D11RHI:       0/0/8149 MB DedicatedVideo/DedicatedSystem/SharedSystem, Outputs:0, VendorId:0x1414
[2020.08.04-10.39.54:193][  0]LogD3D11RHI: Chosen D3D11 Adapter: 0
[2020.08.04-10.39.54:210][  0]LogD3D11RHI: Creating new Direct3DDevice
[2020.08.04-10.39.54:211][  0]LogD3D11RHI:     GPU DeviceId: 0x6900 (for the marketing name, search the web for "GPU Device Id")
[2020.08.04-10.39.54:211][  0]LogWindows: EnumDisplayDevices:
[2020.08.04-10.39.54:211][  0]LogWindows:    0. 'Intel(R) HD Graphics 620' (P:1 D:1)
[2020.08.04-10.39.54:212][  0]LogWindows:    1. 'Intel(R) HD Graphics 620' (P:0 D:0)
[2020.08.04-10.39.54:213][  0]LogWindows:    2. 'Intel(R) HD Graphics 620' (P:0 D:0)
[2020.08.04-10.39.54:214][  0]LogWindows: DebugString: PrimaryIsNotTheChoosenAdapter PrimaryIsNotTheChoosenAdapter PrimaryIsNotTheChoosenAdapter FoundDriverCount:0 
[2020.08.04-10.39.54:214][  0]LogD3D11RHI:     Adapter Name: AMD Radeon (TM) R7 M340
[2020.08.04-10.39.54:214][  0]LogD3D11RHI:   Driver Version: Unknown (internal:Unknown, unified:Unknown)
[2020.08.04-10.39.54:214][  0]LogD3D11RHI:      Driver Date: Unknown
[2020.08.04-10.39.54:214][  0]LogRHI: Texture pool is 1427 MB (70% of 2039 MB)
[2020.08.04-10.39.54:340][  0]LogD3D11RHI: Async texture creation enabled
[2020.08.04-10.39.54:360][  0]LogD3D11RHI: GPU Timing Frequency: 27.000000 (Debug: 2 1)
[2020.08.04-10.39.56:957][  0]LogTemp: Display: Module 'AllDesktopTargetPlatform' loaded TargetPlatform 'AllDesktop'
[2020.08.04-10.39.57:012][  0]LogTemp: Display: Module 'MacClientTargetPlatform' loaded TargetPlatform 'MacClient'
[2020.08.04-10.39.57:061][  0]LogTemp: Display: Module 'MacNoEditorTargetPlatform' loaded TargetPlatform 'MacNoEditor'
[2020.08.04-10.39.57:104][  0]LogTemp: Display: Module 'MacServerTargetPlatform' loaded TargetPlatform 'MacServer'
[2020.08.04-10.39.57:142][  0]LogTemp: Display: Module 'MacTargetPlatform' loaded TargetPlatform 'Mac'
[2020.08.04-10.39.57:185][  0]LogTemp: Display: Module 'WindowsClientTargetPlatform' loaded TargetPlatform 'WindowsClient'
[2020.08.04-10.39.57:221][  0]LogTemp: Display: Module 'WindowsNoEditorTargetPlatform' loaded TargetPlatform 'WindowsNoEditor'
[2020.08.04-10.39.57:255][  0]LogTemp: Display: Module 'WindowsServerTargetPlatform' loaded TargetPlatform 'WindowsServer'
[2020.08.04-10.39.57:279][  0]LogTemp: Display: Module 'WindowsTargetPlatform' loaded TargetPlatform 'Windows'
[2020.08.04-10.39.57:384][  0]LogTemp: Display: Module 'AndroidTargetPlatform' loaded TargetPlatform 'Android'
[2020.08.04-10.39.57:384][  0]LogTemp: Display: Module 'AndroidTargetPlatform' loaded TargetPlatform 'Android_ASTC'
[2020.08.04-10.39.57:384][  0]LogTemp: Display: Module 'AndroidTargetPlatform' loaded TargetPlatform 'Android_ATC'
[2020.08.04-10.39.57:384][  0]LogTemp: Display: Module 'AndroidTargetPlatform' loaded TargetPlatform 'Android_DXT'
[2020.08.04-10.39.57:384][  0]LogTemp: Display: Module 'AndroidTargetPlatform' loaded TargetPlatform 'Android_ETC1'
[2020.08.04-10.39.57:384][  0]LogTemp: Display: Module 'AndroidTargetPlatform' loaded TargetPlatform 'Android_ETC1a'
[2020.08.04-10.39.57:384][  0]LogTemp: Display: Module 'AndroidTargetPlatform' loaded TargetPlatform 'Android_ETC2'
[2020.08.04-10.39.57:384][  0]LogTemp: Display: Module 'AndroidTargetPlatform' loaded TargetPlatform 'Android_PVRTC'
[2020.08.04-10.39.57:384][  0]LogTemp: Display: Module 'AndroidTargetPlatform' loaded TargetPlatform 'AndroidClient'
[2020.08.04-10.39.57:384][  0]LogTemp: Display: Module 'AndroidTargetPlatform' loaded TargetPlatform 'Android_ASTCClient'
[2020.08.04-10.39.57:384][  0]LogTemp: Display: Module 'AndroidTargetPlatform' loaded TargetPlatform 'Android_ATCClient'
[2020.08.04-10.39.57:384][  0]LogTemp: Display: Module 'AndroidTargetPlatform' loaded TargetPlatform 'Android_DXTClient'
[2020.08.04-10.39.57:385][  0]LogTemp: Display: Module 'AndroidTargetPlatform' loaded TargetPlatform 'Android_ETC1Client'
[2020.08.04-10.39.57:385][  0]LogTemp: Display: Module 'AndroidTargetPlatform' loaded TargetPlatform 'Android_ETC1aClient'
[2020.08.04-10.39.57:385][  0]LogTemp: Display: Module 'AndroidTargetPlatform' loaded TargetPlatform 'Android_ETC2Client'
[2020.08.04-10.39.57:385][  0]LogTemp: Display: Module 'AndroidTargetPlatform' loaded TargetPlatform 'Android_PVRTCClient'
[2020.08.04-10.39.57:385][  0]LogTemp: Display: Module 'AndroidTargetPlatform' loaded TargetPlatform 'Android_Multi'
[2020.08.04-10.39.57:385][  0]LogTemp: Display: Module 'AndroidTargetPlatform' loaded TargetPlatform 'Android_MultiClient'
[2020.08.04-10.39.57:416][  0]LogTemp: Display: Module 'HTML5TargetPlatform' loaded TargetPlatform 'HTML5'
[2020.08.04-10.39.57:571][  0]LogTemp: Display: Module 'IOSTargetPlatform' loaded TargetPlatform 'IOSClient'
[2020.08.04-10.39.57:571][  0]LogTemp: Display: Module 'IOSTargetPlatform' loaded TargetPlatform 'IOS'
[2020.08.04-10.39.57:653][  0]LogTemp: Display: Module 'TVOSTargetPlatform' loaded TargetPlatform 'TVOSClient'
[2020.08.04-10.39.57:654][  0]LogTemp: Display: Module 'TVOSTargetPlatform' loaded TargetPlatform 'TVOS'
[2020.08.04-10.39.57:702][  0]LogTemp: Display: Module 'LinuxClientTargetPlatform' loaded TargetPlatform 'LinuxClient'
[2020.08.04-10.39.57:743][  0]LogTemp: Display: Module 'LinuxNoEditorTargetPlatform' loaded TargetPlatform 'LinuxNoEditor'
[2020.08.04-10.39.57:789][  0]LogTemp: Display: Module 'LinuxServerTargetPlatform' loaded TargetPlatform 'LinuxServer'
[2020.08.04-10.39.57:825][  0]LogTemp: Display: Module 'LinuxTargetPlatform' loaded TargetPlatform 'Linux'
[2020.08.04-10.39.57:887][  0]LogTemp: Display: Module 'LuminTargetPlatform' loaded TargetPlatform 'Lumin'
[2020.08.04-10.39.57:887][  0]LogTemp: Display: Module 'LuminTargetPlatform' loaded TargetPlatform 'LuminClient'
[2020.08.04-10.39.57:887][  0]LogTargetPlatformManager: Display: Building Assets For Windows
[2020.08.04-10.39.58:033][  0]LogAudioDebug: Display: Lib vorbis DLL was dynamically loaded.
[2020.08.04-10.39.58:758][  0]LogShaderCompilers: Guid format shader working directory is -13 characters bigger than the processId version (C:/Users/user/Documents/Unreal Projects/MissilWarsVPerfory/Intermediate/Shaders/WorkingDirectory/1176/).
[2020.08.04-10.39.58:759][  0]LogShaderCompilers: Cleaned the shader compiler working directory 'C:/Users/user/AppData/Local/Temp/UnrealShaderWorkingDir/6A53D0D1400B10B7310F37BCAAE54976/'.
[2020.08.04-10.39.58:767][  0]LogXGEController: Cleaning working directory: C:/Users/user/AppData/Local/Temp/UnrealXGEWorkingDir/
[2020.08.04-10.39.58:768][  0]LogXGEController: Cannot use XGE Controller as Incredibuild is not installed on this machine.
[2020.08.04-10.39.58:768][  0]LogShaderCompilers: Cannot use XGE Shader Compiler as Incredibuild is not installed on this machine.
[2020.08.04-10.39.58:768][  0]LogShaderCompilers: Display: Using Local Shader Compiler.
[2020.08.04-10.40.00:218][  0]LogDerivedDataCache: Display: Max Cache Size: 512 MB
[2020.08.04-10.40.00:300][  0]LogDerivedDataCache: Loaded boot cache 0.08s 73MB C:/Users/user/AppData/Local/UnrealEngine/4.23/DerivedDataCache/Boot.ddc.
[2020.08.04-10.40.00:300][  0]LogDerivedDataCache: Display: Loaded Boot cache: C:/Users/user/AppData/Local/UnrealEngine/4.23/DerivedDataCache/Boot.ddc
[2020.08.04-10.40.00:300][  0]LogDerivedDataCache: FDerivedDataBackendGraph:  Pak pak cache file C:/Users/user/Documents/Unreal Projects/MissilWarsVPerfory/DerivedDataCache/DDC.ddp not found, will not use a pak cache.
[2020.08.04-10.40.00:300][  0]LogDerivedDataCache: Unable to find inner node Pak for hierarchical cache Hierarchy.
[2020.08.04-10.40.00:300][  0]LogDerivedDataCache: FDerivedDataBackendGraph:  CompressedPak pak cache file C:/Users/user/Documents/Unreal Projects/MissilWarsVPerfory/DerivedDataCache/Compressed.ddp not found, will not use a pak cache.
[2020.08.04-10.40.00:300][  0]LogDerivedDataCache: Unable to find inner node CompressedPak for hierarchical cache Hierarchy.
[2020.08.04-10.40.00:320][  0]LogDerivedDataCache: Display: Pak cache opened for reading ../../../Engine/DerivedDataCache/Compressed.ddp.
[2020.08.04-10.40.00:320][  0]LogDerivedDataCache: FDerivedDataBackendGraph:  EnterprisePak pak cache file ../../../Enterprise/DerivedDataCache/Compressed.ddp not found, will not use a pak cache.
[2020.08.04-10.40.00:320][  0]LogDerivedDataCache: Unable to find inner node EnterprisePak for hierarchical cache Hierarchy.
[2020.08.04-10.40.00:329][  0]LogDerivedDataCache: Using Local data cache path C:/Users/user/AppData/Local/UnrealEngine/Common/DerivedDataCache: Writable
[2020.08.04-10.40.00:329][  0]LogDerivedDataCache: Shared data cache path not found in *engine.ini, will not use an Shared cache.
[2020.08.04-10.40.00:329][  0]LogDerivedDataCache: Unable to find inner node Shared for hierarchical cache Hierarchy.
[2020.08.04-10.40.00:381][  0]LogMaterial: Verifying Global Shaders for PCD3D_SM5
[2020.08.04-10.40.00:388][  0]LogSlate: Using FreeType 2.6.0
[2020.08.04-10.40.00:389][  0]LogSlate: SlateFontServices - WITH_FREETYPE: 1, WITH_HARFBUZZ: 1
[2020.08.04-10.40.00:576][  0]LogAssetRegistry: FAssetRegistry took 0.0045 seconds to start up
[2020.08.04-10.40.01:062][  0]LogInit: Selected Device Profile: [Windows]
[2020.08.04-10.40.01:597][  0]LogMeshReduction: Using QuadricMeshReduction for automatic static mesh reduction
[2020.08.04-10.40.01:597][  0]LogMeshReduction: Using SimplygonMeshReduction for automatic skeletal mesh reduction
[2020.08.04-10.40.01:597][  0]LogMeshReduction: Using ProxyLODMeshReduction for automatic mesh merging
[2020.08.04-10.40.01:597][  0]LogMeshReduction: No distributed automatic mesh merging module available
[2020.08.04-10.40.01:597][  0]LogMeshMerging: No distributed automatic mesh merging module available
[2020.08.04-10.40.01:616][  0]LogNetVersion: MissilWarsVPerfory 1.0.0, NetCL: 8386587, EngineNetVer: 11, GameNetVer: 0 (Checksum: 3749403237)
[2020.08.04-10.40.02:256][  0]LogPackageLocalizationCache: Processed 13 localized package path(s) for 1 prioritized culture(s) in 0.055346 seconds
[2020.08.04-10.40.02:267][  0]LogUObjectArray: 43444 objects as part of root set at end of initial load.
[2020.08.04-10.40.02:267][  0]LogUObjectAllocator: 7548648 out of 0 bytes used by permanent object pool.
[2020.08.04-10.40.02:267][  0]LogUObjectArray: CloseDisregardForGC: 0/0 objects in disregard for GC pool
[2020.08.04-10.40.05:575][  0]LogPython: Using Python 2.7.14
[2020.08.04-10.40.07:506][  0]LogTcpMessaging: Initializing TcpMessaging bridge
[2020.08.04-10.40.07:562][  0]LogUdpMessaging: Initializing bridge on interface 0.0.0.0:0 to multicast group 230.0.0.1:6666.
[2020.08.04-10.40.08:096][  0]SourceControl: Source control is disabled
[2020.08.04-10.40.08:096][  0]SourceControl: Source control is disabled
[2020.08.04-10.40.08:167][  0]SourceControl: Source control is disabled
[2020.08.04-10.40.08:197][  0]SourceControl: Source control is disabled
[2020.08.04-10.40.09:368][  0]LogAndroidPermission: UAndroidPermissionCallbackProxy::GetInstance
[2020.08.04-10.40.10:385][  0]LogOcInput: OculusInput pre-init called
[2020.08.04-10.40.10:464][  0]LogWindows: Failed to load 'OVRPlugin.dll' (GetLastError=126)
[2020.08.04-10.40.10:464][  0]LogWindows: File 'OVRPlugin.dll' does not exist
[2020.08.04-10.40.10:750][  0]LogEngine: Initializing Engine...
[2020.08.04-10.40.10:751][  0]LogHMD: Failed to initialize OpenVR with code 110
[2020.08.04-10.40.10:754][  0]LogStats: UGameplayTagsManager::InitializeManager -  0.000 s
[2020.08.04-10.40.11:218][  0]LogInit: Initializing FReadOnlyCVARCache
[2020.08.04-10.40.11:325][  0]LogAIModule: Creating AISystem for world Untitled
[2020.08.04-10.40.11:456][  0]LogInit: XAudio2 using 'Haut-parleur/Ecouteurs (Realtek High Definition Audio)' : 2 channels at 48 kHz using 32 bits per sample (channel mask 0x3)
[2020.08.04-10.40.11:615][  0]LogInit: FAudioDevice initialized.
[2020.08.04-10.40.11:615][  0]LogNetVersion: Set ProjectVersion to 1.0.0.0. Version Checksum will be recalculated on next use.
[2020.08.04-10.40.12:260][  0]LogDerivedDataCache: Saved boot cache 0.64s 73MB C:/Users/user/AppData/Local/UnrealEngine/4.23/DerivedDataCache/Boot.ddc.
[2020.08.04-10.40.12:261][  0]LogInit: Texture streaming: Enabled
[2020.08.04-10.40.12:571][  0]LogInit: Transaction tracking system initialized
[2020.08.04-10.40.12:856][  0]BlueprintLog: New page: Editor Load
[2020.08.04-10.40.13:704][  0]LocalizationService: Localization service is disabled
[2020.08.04-10.40.15:936][  0]LogCook: Display: Max memory allowance for cook 16384mb min free memory 0mb
[2020.08.04-10.40.15:936][  0]LogCook: Display: Mobile HDR setting 1
[2020.08.04-10.40.16:622][  0]LogFileCache: Scanning file cache for directory 'C:/Users/user/Documents/Unreal Projects/MissilWarsVPerfory/Content/' took 0.02s
[2020.08.04-10.40.17:271][  0]SourceControl: Source control is disabled
[2020.08.04-10.40.17:272][  0]Cmd: MAP LOAD FILE="../../../Engine/Content/Maps/Templates/Template_Default.umap" TEMPLATE=1 SHOWPROGRESS=1 FEATURELEVEL=3
[2020.08.04-10.40.17:272][  0]LightingResults: New page: Lighting Build
[2020.08.04-10.40.17:283][  0]LogWorld: UWorld::CleanupWorld for Untitled, bSessionEnded=true, bCleanupResources=true
[2020.08.04-10.40.17:283][  0]MapCheck: New page: Map Check
[2020.08.04-10.40.17:283][  0]LightingResults: New page: Lighting Build
[2020.08.04-10.40.17:326][  0]LogUObjectHash: Compacting FUObjectHashTables data took   2.91ms
[2020.08.04-10.40.17:628][  0]LogAIModule: Creating AISystem for world Untitled_1
[2020.08.04-10.40.17:645][  0]LogEditorServer: Finished looking for orphan Actors (0.000 secs)
[2020.08.04-10.40.17:774][  0]LogUObjectHash: Compacting FUObjectHashTables data took   3.99ms
[2020.08.04-10.40.17:774][  0]Cmd: MAP CHECKDEP NOCLEARLOG
[2020.08.04-10.40.17:775][  0]MapCheck: Map check complete: 0 Error(s), 0 Warning(s), took 0,304ms to complete.
[2020.08.04-10.40.17:775][  0]LogFileHelpers: Loading map 'Template_Default' took 0.503
[2020.08.04-10.40.19:657][  0]LogSlate: Only BGRA pngs, bmps or icos are supported in by External Image Picker
[2020.08.04-10.40.19:773][  0]LogSlate: Updating window title bar state: overlay mode, drag disabled, window buttons hidden, title bar hidden
[2020.08.04-10.40.19:782][  0]LogSlate: Updating window title bar state: overlay mode, drag disabled, window buttons hidden, title bar hidden
[2020.08.04-10.40.19:791][  0]LogSlate: Updating window title bar state: overlay mode, drag disabled, window buttons hidden, title bar hidden
[2020.08.04-10.40.19:803][  0]LogSlate: Updating window title bar state: overlay mode, drag disabled, window buttons hidden, title bar hidden
[2020.08.04-10.40.19:980][  0]LogCollectionManager: Loaded 0 collections in 0.005389 seconds
[2020.08.04-10.40.19:992][  0]LogFileCache: Scanning file cache for directory 'C:/Users/user/Documents/Unreal Projects/MissilWarsVPerfory/Saved/Collections/' took 0.00s
[2020.08.04-10.40.19:992][  0]LogFileCache: Scanning file cache for directory 'C:/Users/user/Documents/Unreal Projects/MissilWarsVPerfory/Content/Developers/user/Collections/' took 0.00s
[2020.08.04-10.40.19:992][  0]LogFileCache: Scanning file cache for directory 'C:/Users/user/Documents/Unreal Projects/MissilWarsVPerfory/Content/Collections/' took 0.00s
[2020.08.04-10.40.19:992][  0]LogCollectionManager: Rebuilt the GUID cache for 0 collections in 0.000002 seconds
[2020.08.04-10.40.20:005][  0]LogContentBrowser: Native class hierarchy populated in 0.0128 seconds. Added 2882 classes and 688 folders.
[2020.08.04-10.40.20:025][  0]LogContentBrowser: Native class hierarchy updated for 'WidgetCarousel' in 0.0003 seconds. Added 0 classes and 0 folders.
[2020.08.04-10.40.20:131][  0]LogContentBrowser: Native class hierarchy updated for 'AddContentDialog' in 0.0003 seconds. Added 0 classes and 0 folders.
[2020.08.04-10.40.20:173][  0]LogSlate: Took 0.000234 seconds to synchronously load lazily loaded font '../../../Engine/Content/Slate/Fonts/Roboto-Regular.ttf' (155K)
[2020.08.04-10.40.20:868][  0]LogSlate: Took 0.000383 seconds to synchronously load lazily loaded font '../../../Engine/Content/Slate/Fonts/Roboto-Bold.ttf' (160K)
[2020.08.04-10.40.20:881][  0]LogSlate: Took 0.000314 seconds to synchronously load lazily loaded font '../../../Engine/Content/Editor/Slate/Fonts/FontAwesome.ttf' (139K)
[2020.08.04-10.40.20:999][  0]LogRenderer: Reallocating scene render targets to support 1164x528 Format 9 NumSamples 1 (Frame:1).
[2020.08.04-10.40.21:752][  0]LogContentBrowser: Native class hierarchy updated for 'HierarchicalLODOutliner' in 0.0012 seconds. Added 0 classes and 0 folders.
[2020.08.04-10.40.21:752][  0]LogLoad: (Engine Initialization) Total time: 36.03 seconds
[2020.08.04-10.40.21:752][  0]LogLoad: (Engine Initialization) Total Blueprint compile time: 0.00 seconds
[2020.08.04-10.40.21:859][  0]LogContentStreaming: Texture pool size now 600 MB
[2020.08.04-10.40.22:127][  0]LogRenderer: Reallocating scene render targets to support 1164x544 Format 9 NumSamples 1 (Frame:2).
[2020.08.04-10.40.22:127][  0]LogSlate: Took 0.000345 seconds to synchronously load lazily loaded font '../../../Engine/Content/Slate/Fonts/Roboto-Light.ttf' (167K)
[2020.08.04-10.40.22:784][  3]LogAssetRegistry: Asset discovery search completed in 22.2089 seconds
[2020.08.04-10.40.22:792][  3]LogCollectionManager: Rebuilt the object cache for 0 collections in 0.000007 seconds (found 0 objects)
[2020.08.04-10.40.22:793][  3]LogCollectionManager: Fixed up redirectors for 0 collections in 0.000207 seconds (updated 0 objects)
[2020.08.04-10.40.33:663][481]LogEditorViewport: Clicking on Actor (LMB): PlayerStart (Player Start)
[2020.08.04-10.40.36:554][588]LogNavigationPoint: PostEditMove Clear paths rebuilt
[2020.08.04-10.40.38:304][663]LogSlate: FSceneViewport::OnFocusLost() reason 0
[2020.08.04-10.40.38:520][672]LogSlate: Took 0.000259 seconds to synchronously load lazily loaded font '../../../Engine/Content/Slate/Fonts/Roboto-Light.ttf' (167K)
[2020.08.04-10.40.38:669][672]LogAIModule: Creating AISystem for world MAP
[2020.08.04-10.40.38:683][672]LogAssetEditorManager: Opening Asset editor for World /Game/Map/MAP.MAP
[2020.08.04-10.40.38:723][672]LogUObjectHash: Compacting FUObjectHashTables data took   3.03ms
[2020.08.04-10.40.40:349][672]LogSlate: Window 'Save Content' being destroyed
[2020.08.04-10.40.43:188][672]LogSlate: Window 'Save Level As' being destroyed
[2020.08.04-10.40.44:873][736]LogAssetEditorManager: Opening Asset editor for World /Game/Map/MAP.MAP
[2020.08.04-10.40.44:909][736]LogUObjectHash: Compacting FUObjectHashTables data took   1.19ms
[2020.08.04-10.40.46:495][736]LogSlate: Window 'Save Content' being destroyed
[2020.08.04-10.40.46:501][736]Cmd: MAP LOAD FILE="C:/Users/user/Documents/Unreal Projects/MissilWarsVPerfory/Content/Map/MAP.umap" TEMPLATE=0 SHOWPROGRESS=1 FEATURELEVEL=3
[2020.08.04-10.40.46:504][736]LightingResults: New page: Lighting Build
[2020.08.04-10.40.46:505][736]LoadErrors: New page: Loading map: MAP.umap
[2020.08.04-10.40.46:509][736]LogWorld: UWorld::CleanupWorld for Untitled_1, bSessionEnded=true, bCleanupResources=true
[2020.08.04-10.40.46:510][736]MapCheck: New page: Map Check
[2020.08.04-10.40.46:510][736]LightingResults: New page: Lighting Build
[2020.08.04-10.40.46:544][736]LogUObjectHash: Compacting FUObjectHashTables data took   2.32ms
[2020.08.04-10.40.46:629][736]LogEditorServer: Finished looking for orphan Actors (0.000 secs)
[2020.08.04-10.40.46:657][736]LogUObjectHash: Compacting FUObjectHashTables data took   2.06ms
[2020.08.04-10.40.46:687][736]Cmd: MAP CHECKDEP NOCLEARLOG
[2020.08.04-10.40.46:687][736]MapCheck: Map check complete: 0 Error(s), 0 Warning(s), took 0,239ms to complete.
[2020.08.04-10.40.46:694][736]LogFileHelpers: Loading map 'MAP' took 0.194
[2020.08.04-10.41.57:113][563]LogEditorViewport: Clicking on Actor (context menu): Bp_GORight_C (Bp_GORight)
[2020.08.04-10.41.57:671][563]LogSlate: FSceneViewport::OnFocusLost() reason 5
[2020.08.04-10.41.57:954][569]LogEditorViewport: Clicking on Actor (context menu): StaticMeshActor (Cube)
[2020.08.04-10.41.58:215][569]LogSlate: FSceneViewport::OnFocusLost() reason 5
[2020.08.04-10.41.59:479][614]LogEditorViewport: Clicking on Actor (LMB): StaticMeshActor (Cube)
[2020.08.04-10.41.59:981][634]LogEditorViewport: Clicking on Actor (LMB): Bp_GORight_C (Bp_GORight)
[2020.08.04-10.42.00:947][672]LogSlate: FSceneViewport::OnFocusLost() reason 5
[2020.08.04-10.42.00:976][672]LogAssetEditorManager: Opening Asset editor for Blueprint /Game/Blueprints/Bp_GORight.Bp_GORight
[2020.08.04-10.42.02:036][672]LogContentBrowser: Native class hierarchy updated for 'BlueprintGraph' in 0.0008 seconds. Added 121 classes and 0 folders.
[2020.08.04-10.42.05:296][672]LogSlate: Took 0.020973 seconds to synchronously load lazily loaded font '../../../Engine/Content/Slate/Fonts/Roboto-BoldCondensed.ttf' (158K)
[2020.08.04-10.42.05:592][673]LogSlate: Took 0.011846 seconds to synchronously load lazily loaded font '../../../Engine/Content/Slate/Fonts/Roboto-Italic.ttf' (157K)
[2020.08.04-10.42.06:864][715]LogSlate: Window 'Bp_GORight' being destroyed
[2020.08.04-10.42.07:382][744]LogSlate: FSceneViewport::OnFocusLost() reason 0
[2020.08.04-10.44.14:460][410]LogSlate: FSceneViewport::OnFocusLost() reason 0
[2020.08.04-10.44.14:527][413]LogTemp: Repeating last play command: Selected Viewport
[2020.08.04-10.44.14:885][413]LogBlueprintUserMessages: Early PlayInEditor Detection: Level '/Game/Map/MAP.MAP:PersistentLevel' has LevelScriptBlueprint '/Game/Map/MAP.MAP:PersistentLevel.MAP' with GeneratedClass '/Game/Map/MAP.MAP_C' with ClassGeneratedBy '/Game/Map/MAP.MAP:PersistentLevel.MAP'
[2020.08.04-10.44.14:905][413]LogPlayLevel: PlayLevel: No blueprints needed recompiling
[2020.08.04-10.44.14:913][413]PIE: New page: PIE session: MAP (4 août 2020 14:44:14)
[2020.08.04-10.44.14:941][413]LogOnline: OSS: Creating online subsystem instance for: NULL
[2020.08.04-10.44.14:975][413]LogPlayLevel: Creating play world package: /Game/Map/UEDPIE_0_MAP
[2020.08.04-10.44.15:017][413]LogPlayLevel: PIE: StaticDuplicateObject took: (0.041688s)
[2020.08.04-10.44.15:018][413]LogAIModule: Creating AISystem for world MAP
[2020.08.04-10.44.15:028][413]LogPlayLevel: PIE: World Init took: (0.011039s)
[2020.08.04-10.44.15:028][413]LogPlayLevel: PIE: Created PIE world by copying editor world from /Game/Map/MAP.MAP to /Game/Map/UEDPIE_0_MAP.MAP (0.053592s)
[2020.08.04-10.44.15:116][413]LogUObjectHash: Compacting FUObjectHashTables data took   6.89ms
[2020.08.04-10.44.15:232][413]LogInit: XAudio2 using 'Haut-parleur/Ecouteurs (Realtek High Definition Audio)' : 2 channels at 48 kHz using 32 bits per sample (channel mask 0x3)
[2020.08.04-10.44.15:282][413]LogInit: FAudioDevice initialized.
[2020.08.04-10.44.15:500][413]LogLoad: Game class is 'GM_Player_C'
[2020.08.04-10.44.15:563][413]LogWorld: Bringing World /Game/Map/UEDPIE_0_MAP.MAP up for play (max tick rate 60) at 2020.08.04-12.44.15
[2020.08.04-10.44.15:580][413]LogWorld: Bringing up level for play took: 0.018393
[2020.08.04-10.44.15:597][413]LogOnline: OSS: Creating online subsystem instance for: :Context_4
[2020.08.04-10.44.15:756][413]LogContentBrowser: Native class hierarchy updated for 'MovieSceneCapture' in 0.0006 seconds. Added 20 classes and 0 folders.
[2020.08.04-10.44.15:757][413]LogGameMode: Display: Match State Changed from EnteringMap to WaitingToStart
[2020.08.04-10.44.15:758][413]LogGameState: Match State Changed from EnteringMap to WaitingToStart
[2020.08.04-10.44.15:758][413]LogGameMode: Display: Match State Changed from WaitingToStart to InProgress
[2020.08.04-10.44.16:047][413]LogGameState: Match State Changed from WaitingToStart to InProgress
[2020.08.04-10.44.16:048][413]PIE: Play in editor start time for /Game/Map/UEDPIE_0_MAP 2,058
[2020.08.04-10.44.16:048][413]LogBlueprintUserMessages: Late PlayInEditor Detection: Level '/Game/Map/MAP.MAP:PersistentLevel' has LevelScriptBlueprint '/Game/Map/MAP.MAP:PersistentLevel.MAP' with GeneratedClass '/Game/Map/MAP.MAP_C' with ClassGeneratedBy '/Game/Map/MAP.MAP:PersistentLevel.MAP'
[2020.08.04-10.44.22:274][708]LogBlueprintUserMessages: Early EndPlayMap Detection: Level '/Game/Map/MAP.MAP:PersistentLevel' has LevelScriptBlueprint '/Game/Map/MAP.MAP:PersistentLevel.MAP' with GeneratedClass '/Game/Map/MAP.MAP_C' with ClassGeneratedBy '/Game/Map/MAP.MAP:PersistentLevel.MAP'
[2020.08.04-10.44.22:276][708]LogSlate: Updating window title bar state: overlay mode, drag disabled, window buttons hidden, title bar hidden
[2020.08.04-10.44.22:277][708]LogWorld: BeginTearingDown for /Game/Map/UEDPIE_0_MAP
[2020.08.04-10.44.22:277][708]LogWorld: UWorld::CleanupWorld for MAP, bSessionEnded=true, bCleanupResources=true
[2020.08.04-10.44.22:348][708]LogPlayLevel: Display: Shutting down PIE online subsystems
[2020.08.04-10.44.22:349][708]LogBlueprintUserMessages: Late EndPlayMap Detection: Level '/Game/Map/MAP.MAP:PersistentLevel' has LevelScriptBlueprint '/Game/Map/MAP.MAP:PersistentLevel.MAP' with GeneratedClass '/Game/Map/MAP.MAP_C' with ClassGeneratedBy '/Game/Map/MAP.MAP:PersistentLevel.MAP'
[2020.08.04-10.44.22:420][708]LogSlate: Updating window title bar state: overlay mode, drag disabled, window buttons hidden, title bar hidden
[2020.08.04-10.44.22:450][708]LogUObjectHash: Compacting FUObjectHashTables data took   5.34ms
[2020.08.04-10.44.22:477][709]LogPlayLevel: Display: Destroying online subsystem :Context_4
[2020.08.04-10.44.27:608][935]LogSlate: FSceneViewport::OnFocusLost() reason 0
[2020.08.04-10.45.45:601][374]LogSlate: FSceneViewport::OnFocusLost() reason 0
[2020.08.04-10.47.05:705][732]LogSlate: FSceneViewport::OnFocusLost() reason 0
[2020.08.04-10.47.05:913][736]LogUObjectHash: Compacting FUObjectHashTables data took   5.40ms
[2020.08.04-10.47.06:699][736]LogSlate: Window 'Save Content' being destroyed
[2020.08.04-10.47.06:731][736]LogSlate: FSceneViewport::OnFocusLost() reason 5
[2020.08.04-10.47.06:826][736]Cmd: OBJ SAVEPACKAGE PACKAGE="/Game/Map/MAP" FILE="C:/Users/user/Documents/Unreal Projects/MissilWarsVPerfory/Content/Map/MAP.umap" SILENT=true AUTOSAVING=false KEEPDIRTY=false
[2020.08.04-10.47.06:912][736]LogUObjectHash: Compacting FUObjectHashTables data took   1.86ms
[2020.08.04-10.47.07:891][736]LogSavePackage: Moving 'C:/Users/user/Documents/Unreal Projects/MissilWarsVPerfory/Saved/MAP3F75ED47438B6B37CA24D28BCAF63BF8.tmp' to 'C:/Users/user/Documents/Unreal Projects/MissilWarsVPerfory/Content/Map/MAP.umap'
[2020.08.04-10.47.07:962][736]LogFileHelpers: Saving map 'MAP' took 1.168
[2020.08.04-10.47.08:144][736]LogWorld: UWorld::CleanupWorld for World_2, bSessionEnded=true, bCleanupResources=true
[2020.08.04-10.47.08:206][736]LogSlate: Window 'MissilWarsVPerfory - Unreal Editor' being destroyed
[2020.08.04-10.47.08:208][736]LogWindowsTextInputMethodSystem: Display: IME system now deactivated.
[2020.08.04-10.47.08:310][736]LogDirectoryWatcher: A directory notification for '../../../Engine/Plugins/' was aborted.
[2020.08.04-10.47.08:801][737]Cmd: QUIT_EDITOR
[2020.08.04-10.47.09:103][737]LogExit: Preparing to exit.
[2020.08.04-10.47.09:210][737]LogUObjectHash: Compacting FUObjectHashTables data took   7.21ms
[2020.08.04-10.47.09:835][737]LogWorld: UWorld::CleanupWorld for World_0, bSessionEnded=true, bCleanupResources=true
[2020.08.04-10.47.09:841][737]LogWorld: UWorld::CleanupWorld for World_1, bSessionEnded=true, bCleanupResources=true
[2020.08.04-10.47.09:889][737]LogDemo: Cleaned up 0 splitscreen connections with owner deletion
[2020.08.04-10.47.09:904][737]LogWorld: UWorld::CleanupWorld for None, bSessionEnded=true, bCleanupResources=true
[2020.08.04-10.47.09:904][737]LogExit: Editor shut down
[2020.08.04-10.47.09:904][737]LogExit: Transaction tracking system shut down
[2020.08.04-10.47.10:289][737]LogExit: Object subsystem successfully closed.
[2020.08.04-10.47.10:304][737]LogShaderCompilers: Display: Shaders left to compile 0
[2020.08.04-10.47.10:336][737]LogModuleManager: Shutting down and abandoning module MovieSceneCapture (682)
[2020.08.04-10.47.10:336][737]LogModuleManager: Shutting down and abandoning module Voice (680)
[2020.08.04-10.47.10:370][737]LogModuleManager: Shutting down and abandoning module BlueprintGraph (678)
[2020.08.04-10.47.10:370][737]LogModuleManager: Shutting down and abandoning module HierarchicalLODOutliner (676)
[2020.08.04-10.47.10:370][737]LogModuleManager: Shutting down and abandoning module AddContentDialog (674)
[2020.08.04-10.47.10:371][737]LogModuleManager: Shutting down and abandoning module WidgetCarousel (673)
[2020.08.04-10.47.10:371][737]LogModuleManager: Shutting down and abandoning module EditorWidgets (670)
[2020.08.04-10.47.10:371][737]LogModuleManager: Shutting down and abandoning module CollectionManager (668)
[2020.08.04-10.47.10:372][737]LogModuleManager: Shutting down and abandoning module SceneOutliner (666)
[2020.08.04-10.47.10:372][737]LogModuleManager: Shutting down and abandoning module LauncherPlatform (664)
[2020.08.04-10.47.10:372][737]LogModuleManager: Shutting down and abandoning module ExternalImagePicker (662)
[2020.08.04-10.47.10:372][737]LogModuleManager: Shutting down and abandoning module HierarchicalLODUtilities (660)
[2020.08.04-10.47.10:372][737]LogModuleManager: Shutting down and abandoning module StatsViewer (658)
[2020.08.04-10.47.10:372][737]LogModuleManager: Shutting down and abandoning module VirtualTexturingEditor (656)
[2020.08.04-10.47.10:372][737]LogModuleManager: Shutting down and abandoning module FoliageEdit (654)
[2020.08.04-10.47.10:372][737]LogModuleManager: Shutting down and abandoning module LandscapeEditor (652)
[2020.08.04-10.47.10:372][737]LogModuleManager: Shutting down and abandoning module MeshPaintMode (650)
[2020.08.04-10.47.10:372][737]LogModuleManager: Shutting down and abandoning module SceneDepthPickerMode (648)
[2020.08.04-10.47.10:372][737]LogModuleManager: Shutting down and abandoning module ActorPickerMode (646)
[2020.08.04-10.47.10:372][737]LogModuleManager: Shutting down and abandoning module GeometryMode (644)
[2020.08.04-10.47.10:372][737]LogModuleManager: Shutting down and abandoning module TextureAlignMode (642)
[2020.08.04-10.47.10:373][737]LogModuleManager: Shutting down and abandoning module BspMode (640)
[2020.08.04-10.47.10:373][737]LogModuleManager: Shutting down and abandoning module PIEPreviewDeviceProfileSelector (638)
[2020.08.04-10.47.10:373][737]LogModuleManager: Shutting down and abandoning module SequenceRecorderSections (636)
[2020.08.04-10.47.10:373][737]LogModuleManager: Shutting down and abandoning module AutomationWorker (634)
[2020.08.04-10.47.10:373][737]LogModuleManager: Shutting down and abandoning module OculusMR (632)
[2020.08.04-10.47.10:373][737]LogModuleManager: Shutting down and abandoning module AudioCaptureEditor (630)
[2020.08.04-10.47.10:373][737]LogModuleManager: Shutting down and abandoning module MatineeToLevelSequence (628)
[2020.08.04-10.47.10:373][737]LogModuleManager: Shutting down and abandoning module LevelSequenceEditor (626)
[2020.08.04-10.47.10:373][737]LogModuleManager: Shutting down and abandoning module PlacementMode (625)
[2020.08.04-10.47.10:373][737]LogModuleManager: Shutting down and abandoning module MaterialEditor (624)
[2020.08.04-10.47.10:373][737]LogModuleManager: Shutting down and abandoning module ActorSequenceEditor (620)
[2020.08.04-10.47.10:374][737]LogModuleManager: Shutting down and abandoning module WmfMediaFactory (618)
[2020.08.04-10.47.10:374][737]LogModuleManager: Shutting down and abandoning module WmfMediaEditor (616)
[2020.08.04-10.47.10:374][737]LogModuleManager: Shutting down and abandoning module WebMMediaFactory (614)
[2020.08.04-10.47.10:374][737]LogModuleManager: Shutting down and abandoning module WebMMediaEditor (612)
[2020.08.04-10.47.10:374][737]LogModuleManager: Shutting down and abandoning module WebMMedia (610)
[2020.08.04-10.47.10:374][737]LogModuleManager: Shutting down and abandoning module MediaPlayerEditor (608)
[2020.08.04-10.47.10:374][737]LogModuleManager: Shutting down and abandoning module MediaCompositingEditor (606)
[2020.08.04-10.47.10:374][737]LogModuleManager: Shutting down and abandoning module SequenceRecorder (605)
[2020.08.04-10.47.10:374][737]LogModuleManager: Shutting down and abandoning module OpenExrWrapper (602)
[2020.08.04-10.47.10:374][737]LogModuleManager: Shutting down and abandoning module ImgMediaFactory (600)
[2020.08.04-10.47.10:374][737]LogModuleManager: Shutting down and abandoning module ImgMediaEditor (598)
[2020.08.04-10.47.10:374][737]LogModuleManager: Shutting down and abandoning module AvfMediaFactory (596)
[2020.08.04-10.47.10:375][737]LogModuleManager: Shutting down and abandoning module AvfMediaEditor (594)
[2020.08.04-10.47.10:375][737]LogModuleManager: Shutting down and abandoning module AndroidMediaFactory (592)
[2020.08.04-10.47.10:375][737]LogModuleManager: Shutting down and abandoning module AndroidMediaEditor (590)
[2020.08.04-10.47.10:375][737]LogModuleManager: Shutting down and abandoning module MagicLeapCameraPreviewFactory (588)
[2020.08.04-10.47.10:375][737]LogModuleManager: Shutting down and abandoning module MagicLeapMediaCodecFactory (586)
[2020.08.04-10.47.10:375][737]LogModuleManager: Shutting down and abandoning module MagicLeapMediaFactory (584)
[2020.08.04-10.47.10:375][737]LogModuleManager: Shutting down and abandoning module MagicLeapMediaEditor (582)
[2020.08.04-10.47.10:375][737]LogModuleManager: Shutting down and abandoning module CharacterAI (580)
[2020.08.04-10.47.10:375][737]LogModuleManager: Shutting down and abandoning module SmartSnapping (578)
[2020.08.04-10.47.10:375][737]LogModuleManager: Shutting down and abandoning module SessionServices (576)
[2020.08.04-10.47.10:375][737]LogModuleManager: Shutting down and abandoning module MeshPaint (574)
[2020.08.04-10.47.10:375][737]LogModuleManager: Shutting down and abandoning module ViewportSnapping (572)
[2020.08.04-10.47.10:375][737]LogModuleManager: Shutting down and abandoning module ViewportInteraction (570)
[2020.08.04-10.47.10:375][737]LogModuleManager: Shutting down and abandoning module ClothPainter (568)
[2020.08.04-10.47.10:375][737]LogModuleManager: Shutting down and abandoning module SkeletalMeshEditor (567)
[2020.08.04-10.47.10:375][737]LogModuleManager: Shutting down and abandoning module LogVisualizer (564)
[2020.08.04-10.47.10:376][737]LogModuleManager: Shutting down and abandoning module IntroTutorials (562)
[2020.08.04-10.47.10:376][737]LogModuleManager: Shutting down and abandoning module GameProjectGeneration (561)
[2020.08.04-10.47.10:376][737]LogModuleManager: Shutting down and abandoning module LuminPlatformEditor (558)
[2020.08.04-10.47.10:376][737]LogModuleManager: Shutting down and abandoning module IOSPlatformEditor (556)
[2020.08.04-10.47.10:376][737]LogModuleManager: Shutting down and abandoning module HTML5PlatformEditor (554)
[2020.08.04-10.47.10:376][737]LogModuleManager: Shutting down and abandoning module AndroidPlatformEditor (552)
[2020.08.04-10.47.10:376][737]LogModuleManager: Shutting down and abandoning module AndroidDeviceDetection (551)
[2020.08.04-10.47.11:363][737]LogModuleManager: Shutting down and abandoning module WindowsPlatformEditor (548)
[2020.08.04-10.47.11:363][737]LogModuleManager: Shutting down and abandoning module LuminRuntimeSettings (546)
[2020.08.04-10.47.11:363][737]LogModuleManager: Shutting down and abandoning module IOSRuntimeSettings (544)
[2020.08.04-10.47.11:363][737]LogModuleManager: Shutting down and abandoning module AndroidRuntimeSettings (542)
[2020.08.04-10.47.11:363][737]LogModuleManager: Shutting down and abandoning module TimeManagementEditor (540)
[2020.08.04-10.47.11:363][737]LogModuleManager: Shutting down and abandoning module InputBindingEditor (538)
[2020.08.04-10.47.11:363][737]LogModuleManager: Shutting down and abandoning module MergeActors (536)
[2020.08.04-10.47.11:363][737]LogModuleManager: Shutting down and abandoning module LocalizationDashboard (534)
[2020.08.04-10.47.11:363][737]LogModuleManager: Shutting down and abandoning module LocalizationService (533)
[2020.08.04-10.47.11:363][737]LogModuleManager: Shutting down and abandoning module HardwareTargeting (530)
[2020.08.04-10.47.11:363][737]LogModuleManager: Shutting down and abandoning module DeviceProfileEditor (528)
[2020.08.04-10.47.11:363][737]LogModuleManager: Shutting down and abandoning module UndoHistory (526)
[2020.08.04-10.47.11:363][737]LogModuleManager: Shutting down and abandoning module XmlParser (524)
[2020.08.04-10.47.11:363][737]LogModuleManager: Shutting down and abandoning module Blutility (522)
[2020.08.04-10.47.11:363][737]LogModuleManager: Shutting down and abandoning module ProjectSettingsViewer (520)
[2020.08.04-10.47.11:363][737]LogModuleManager: Shutting down and abandoning module ProjectTargetPlatformEditor (519)
[2020.08.04-10.47.11:363][737]LogModuleManager: Shutting down and abandoning module EditorSettingsViewer (516)
[2020.08.04-10.47.11:364][737]LogModuleManager: Shutting down and abandoning module SettingsEditor (514)
[2020.08.04-10.47.11:364][737]LogModuleManager: Shutting down and abandoning module ProjectLauncher (512)
[2020.08.04-10.47.11:364][737]LogModuleManager: Shutting down and abandoning module SessionFrontend (510)
[2020.08.04-10.47.11:364][737]LogModuleManager: Shutting down and abandoning module ProfilerClient (508)
[2020.08.04-10.47.11:364][737]LogModuleManager: Shutting down and abandoning module DeviceManager (506)
[2020.08.04-10.47.11:364][737]LogModuleManager: Shutting down and abandoning module TargetDeviceServices (505)
[2020.08.04-10.47.11:417][737]LogModuleManager: Shutting down and abandoning module AutomationController (502)
[2020.08.04-10.47.11:417][737]LogModuleManager: Shutting down and abandoning module AutomationWindow (500)
[2020.08.04-10.47.11:417][737]LogModuleManager: Shutting down and abandoning module Layers (498)
[2020.08.04-10.47.11:417][737]LogModuleManager: Shutting down and abandoning module ComponentVisualizers (496)
[2020.08.04-10.47.11:417][737]LogModuleManager: Shutting down and abandoning module DetailCustomizations (494)
[2020.08.04-10.47.11:417][737]LogModuleManager: Shutting down and abandoning module PackagesDialog (492)
[2020.08.04-10.47.11:418][737]LogModuleManager: Shutting down and abandoning module AnimationBlueprintEditor (490)
[2020.08.04-10.47.11:418][737]LogModuleManager: Shutting down and abandoning module Persona (488)
[2020.08.04-10.47.11:418][737]LogModuleManager: Shutting down and abandoning module AdvancedPreviewScene (487)
[2020.08.04-10.47.11:418][737]LogModuleManager: Shutting down and abandoning module AnimGraph (485)
[2020.08.04-10.47.11:418][737]LogModuleManager: Shutting down and abandoning module Kismet (482)
[2020.08.04-10.47.11:435][737]LogModuleManager: Shutting down and abandoning module KismetWidgets (481)
[2020.08.04-10.47.11:435][737]LogModuleManager: Shutting down and abandoning module GraphEditor (478)
[2020.08.04-10.47.11:435][737]LogModuleManager: Shutting down and abandoning module StructViewer (476)
[2020.08.04-10.47.11:436][737]LogModuleManager: Shutting down and abandoning module ClassViewer (474)
[2020.08.04-10.47.11:436][737]LogModuleManager: Shutting down and abandoning module Toolbox (472)
[2020.08.04-10.47.11:436][737]LogModuleManager: Shutting down and abandoning module ModuleUI (470)
[2020.08.04-10.47.11:436][737]LogModuleManager: Shutting down and abandoning module MovieSceneTools (468)
[2020.08.04-10.47.11:436][737]LogModuleManager: Shutting down and abandoning module OutputLog (466)
[2020.08.04-10.47.11:436][737]LogModuleManager: Shutting down and abandoning module GammaUI (464)
[2020.08.04-10.47.11:436][737]LogModuleManager: Shutting down and abandoning module Documentation (462)
[2020.08.04-10.47.11:436][737]LogModuleManager: Shutting down and abandoning module LiveCoding (460)
[2020.08.04-10.47.11:436][737]LogModuleManager: Shutting down and abandoning module LevelSequence (458)
[2020.08.04-10.47.11:436][737]LogModuleManager: Shutting down and abandoning module MovieSceneTracks (456)
[2020.08.04-10.47.11:436][737]LogModuleManager: Shutting down and abandoning module MovieScene (454)
[2020.08.04-10.47.11:436][737]LogModuleManager: Shutting down and abandoning module StreamingPauseRendering (452)
[2020.08.04-10.47.11:436][737]LogModuleManager: Shutting down and abandoning module PortalServices (450)
[2020.08.04-10.47.11:436][737]LogModuleManager: Shutting down and abandoning module PortalRpc (448)
[2020.08.04-10.47.11:436][737]LogModuleManager: Shutting down and abandoning module MessagingRpc (446)
[2020.08.04-10.47.11:436][737]LogModuleManager: Shutting down and abandoning module AIModule (444)
[2020.08.04-10.47.11:436][737]LogModuleManager: Shutting down and abandoning module GameplayDebugger (443)
[2020.08.04-10.47.11:436][737]LogModuleManager: Shutting down and abandoning module AITestSuite (441)
[2020.08.04-10.47.11:437][737]LogModuleManager: Shutting down and abandoning module NavigationSystem (439)
[2020.08.04-10.47.11:437][737]LogModuleManager: Shutting down and abandoning module DesktopPlatform (436)
[2020.08.04-10.47.11:437][737]LogModuleManager: Shutting down and abandoning module ImageWriteQueue (434)
[2020.08.04-10.47.11:440][737]LogModuleManager: Shutting down and abandoning module ProfilerService (432)
[2020.08.04-10.47.11:542][737]LogModuleManager: Shutting down and abandoning module TaskGraph (430)
[2020.08.04-10.47.11:542][737]LogModuleManager: Shutting down and abandoning module ScreenshotTools (428)
[2020.08.04-10.47.11:542][737]LogModuleManager: Shutting down and abandoning module SteamVRController (426)
[2020.08.04-10.47.11:542][737]LogModuleManager: Shutting down and abandoning module ProceduralMeshComponentEditor (424)
[2020.08.04-10.47.11:542][737]LogModuleManager: Shutting down and abandoning module ProceduralMeshComponent (422)
[2020.08.04-10.47.11:542][737]LogModuleManager: Shutting down and abandoning module OculusEditor (420)
[2020.08.04-10.47.11:542][737]LogModuleManager: Shutting down and abandoning module OculusInput (418)
[2020.08.04-10.47.11:542][737]LogModuleManager: Shutting down and abandoning module MobilePatchingUtils (416)
[2020.08.04-10.47.11:542][737]LogModuleManager: Shutting down and abandoning module EditableMesh (414)
[2020.08.04-10.47.11:542][737]LogModuleManager: Shutting down and abandoning module CustomMeshComponent (412)
[2020.08.04-10.47.11:542][737]LogModuleManager: Shutting down and abandoning module CableComponent (410)
[2020.08.04-10.47.11:542][737]LogModuleManager: Shutting down and abandoning module AudioCapture (408)
[2020.08.04-10.47.11:542][737]LogModuleManager: Shutting down and abandoning module ArchVisCharacter (406)
[2020.08.04-10.47.11:542][737]LogModuleManager: Shutting down and abandoning module AppleImageUtilsBlueprintSupport (404)
[2020.08.04-10.47.11:542][737]LogModuleManager: Shutting down and abandoning module AppleImageUtils (402)
[2020.08.04-10.47.11:542][737]LogModuleManager: Shutting down and abandoning module AndroidPermission (400)
[2020.08.04-10.47.11:542][737]LogModuleManager: Shutting down and abandoning module NUTUnrealEngine4 (398)
[2020.08.04-10.47.11:542][737]LogModuleManager: Shutting down and abandoning module NetcodeUnitTest (396)
[2020.08.04-10.47.11:543][737]LogModuleManager: Shutting down and abandoning module MediaCompositing (394)
[2020.08.04-10.47.11:543][737]LogModuleManager: Shutting down and abandoning module ImgMedia (392)
[2020.08.04-10.47.11:543][737]LogModuleManager: Shutting down and abandoning module MagicLeapHelperVulkan (390)
[2020.08.04-10.47.11:543][737]LogModuleManager: Shutting down and abandoning module MagicLeapHelperOpenGL (388)
[2020.08.04-10.47.11:543][737]LogModuleManager: Shutting down and abandoning module MagicLeapAudio (386)
[2020.08.04-10.47.11:543][737]LogModuleManager: Shutting down and abandoning module HTML5Networking (384)
[2020.08.04-10.47.11:543][737]LogModuleManager: Shutting down and abandoning module GeometryCacheTracks (382)
[2020.08.04-10.47.11:543][737]LogModuleManager: Shutting down and abandoning module GeometryCacheSequencer (380)
[2020.08.04-10.47.11:543][737]LogModuleManager: Shutting down and abandoning module BackChannel (378)
[2020.08.04-10.47.11:543][737]LogModuleManager: Shutting down and abandoning module AutomationUtilsEditor (376)
[2020.08.04-10.47.11:543][737]LogModuleManager: Shutting down and abandoning module AutomationUtils (374)
[2020.08.04-10.47.11:543][737]LogModuleManager: Shutting down and abandoning module AlembicImporter (372)
[2020.08.04-10.47.11:543][737]LogModuleManager: Shutting down and abandoning module AlembicLibrary (371)
[2020.08.04-10.47.11:543][737]LogModuleManager: Shutting down and abandoning module GeometryCache (370)
[2020.08.04-10.47.11:543][737]LogModuleManager: Shutting down and abandoning module GeometryCacheEd (369)
[2020.08.04-10.47.11:543][737]LogModuleManager: Shutting down and abandoning module VariantManagerContent (364)
[2020.08.04-10.47.11:543][737]LogModuleManager: Shutting down and abandoning module DatasmithContentEditor (362)
[2020.08.04-10.47.11:543][737]LogModuleManager: Shutting down and abandoning module SpeedTreeImporter (360)
[2020.08.04-10.47.11:543][737]LogModuleManager: Shutting down and abandoning module PluginBrowser (358)
[2020.08.04-10.47.11:543][737]LogModuleManager: Shutting down and abandoning module MobileLauncherProfileWizard (356)
[2020.08.04-10.47.11:543][737]LogModuleManager: Shutting down and abandoning module MaterialAnalyzer (354)
[2020.08.04-10.47.11:543][737]LogModuleManager: Shutting down and abandoning module EditorScriptingUtilities (352)
[2020.08.04-10.47.11:543][737]LogModuleManager: Shutting down and abandoning module CurveEditorTools (350)
[2020.08.04-10.47.11:543][737]LogModuleManager: Shutting down and abandoning module CurveEditor (349)
[2020.08.04-10.47.11:543][737]LogModuleManager: Shutting down and abandoning module CryptoKeysOpenSSL (346)
[2020.08.04-10.47.11:544][737]LogModuleManager: Shutting down and abandoning module CryptoKeys (344)
[2020.08.04-10.47.11:544][737]LogModuleManager: Shutting down and abandoning module VisualStudioSourceCodeAccess (342)
[2020.08.04-10.47.11:544][737]LogModuleManager: Shutting down and abandoning module VisualStudioCodeSourceCodeAccess (340)
[2020.08.04-10.47.11:544][737]LogModuleManager: Shutting down and abandoning module UObjectPlugin (338)
[2020.08.04-10.47.11:544][737]LogModuleManager: Shutting down and abandoning module SubversionSourceControl (336)
[2020.08.04-10.47.11:544][737]LogModuleManager: Shutting down and abandoning module PerforceSourceControl (334)
[2020.08.04-10.47.11:544][737]LogModuleManager: Shutting down and abandoning module GitSourceControl (332)
[2020.08.04-10.47.11:544][737]LogModuleManager: Shutting down and abandoning module SourceControl (331)
[2020.08.04-10.47.11:544][737]LogModuleManager: Shutting down and abandoning module CLionSourceCodeAccess (328)
[2020.08.04-10.47.11:544][737]LogModuleManager: Shutting down and abandoning module AnimationSharingEd (326)
[2020.08.04-10.47.11:544][737]LogModuleManager: Shutting down and abandoning module ActorLayerUtilitiesEditor (324)
[2020.08.04-10.47.11:544][737]LogModuleManager: Shutting down and abandoning module ActorLayerUtilities (322)
[2020.08.04-10.47.11:544][737]LogModuleManager: Shutting down and abandoning module LightPropagationVolumeEditor (320)
[2020.08.04-10.47.11:544][737]LogModuleManager: Shutting down and abandoning module PaperTiledImporter (318)
[2020.08.04-10.47.11:544][737]LogModuleManager: Shutting down and abandoning module PaperSpriteSheetImporter (316)
[2020.08.04-10.47.11:544][737]LogModuleManager: Shutting down and abandoning module Paper2DEditor (314)
[2020.08.04-10.47.11:544][737]LogModuleManager: Shutting down and abandoning module SignificanceManager (312)
[2020.08.04-10.47.11:544][737]LogModuleManager: Shutting down and abandoning module RuntimePhysXCooking (310)
[2020.08.04-10.47.11:544][737]LogModuleManager: Shutting down and abandoning module PhysXVehiclesEditor (308)
[2020.08.04-10.47.11:544][737]LogModuleManager: Shutting down and abandoning module LocationServicesBPLibrary (304)
[2020.08.04-10.47.11:545][737]LogModuleManager: Shutting down and abandoning module ActorSequence (302)
[2020.08.04-10.47.11:545][737]LogModuleManager: Shutting down and abandoning module UdpMessaging (300)
[2020.08.04-10.47.11:645][737]LogModuleManager: Shutting down and abandoning module TcpMessaging (298)
[2020.08.04-10.47.11:746][737]LogModuleManager: Shutting down and abandoning module MagicLeapIdentity (296)
[2020.08.04-10.47.11:746][737]LogModuleManager: Shutting down and abandoning module MagicLeapSecureStorage (294)
[2020.08.04-10.47.11:746][737]LogModuleManager: Shutting down and abandoning module MagicLeapHandTracking (292)
[2020.08.04-10.47.11:746][737]LogModuleManager: Shutting down and abandoning module MagicLeapEyeTracker (290)
[2020.08.04-10.47.11:746][737]LogModuleManager: Shutting down and abandoning module MagicLeapController (288)
[2020.08.04-10.47.11:746][737]LogSlate: Slate User Destroyed.  User Index 0, Is Virtual User: 0
[2020.08.04-10.47.11:746][737]LogModuleManager: Shutting down and abandoning module MagicLeapAR (286)
[2020.08.04-10.47.11:746][737]LogModuleManager: Shutting down and abandoning module AugmentedReality (285)
[2020.08.04-10.47.11:746][737]LogModuleManager: Shutting down and abandoning module PythonScriptPlugin (282)
[2020.08.04-10.47.11:748][737]LogModuleManager: Shutting down and abandoning module GameplayTagsEditor (280)
[2020.08.04-10.47.11:748][737]LogModuleManager: Shutting down and abandoning module FacialAnimationEditor (278)
[2020.08.04-10.47.11:748][737]LogModuleManager: Shutting down and abandoning module FacialAnimation (276)
[2020.08.04-10.47.11:748][737]LogModuleManager: Shutting down and abandoning module DataValidation (274)
[2020.08.04-10.47.11:748][737]LogModuleManager: Shutting down and abandoning module AssetManagerEditor (272)
[2020.08.04-10.47.11:749][737]LogModuleManager: Shutting down and abandoning module LevelEditor (271)
[2020.08.04-10.47.11:750][737]LogModuleManager: Shutting down and abandoning module PixelInspectorModule (270)
[2020.08.04-10.47.11:750][737]LogModuleManager: Shutting down and abandoning module CommonMenuExtensions (268)
[2020.08.04-10.47.11:750][737]LogModuleManager: Shutting down and abandoning module MainFrame (266)
[2020.08.04-10.47.11:750][737]LogModuleManager: Shutting down and abandoning module HotReload (265)
[2020.08.04-10.47.11:793][737]LogModuleManager: Shutting down and abandoning module ContentBrowser (261)
[2020.08.04-10.47.11:795][737]LogModuleManager: Shutting down and abandoning module TreeMap (259)
[2020.08.04-10.47.11:795][737]LogModuleManager: Shutting down and abandoning module AnimationSharing (256)
[2020.08.04-10.47.11:795][737]LogModuleManager: Shutting down and abandoning module LightPropagationVolumeRuntime (254)
[2020.08.04-10.47.11:795][737]LogModuleManager: Shutting down and abandoning module Paper2D (252)
[2020.08.04-10.47.11:795][737]LogModuleManager: Shutting down and abandoning module WindowsMoviePlayer (250)
[2020.08.04-10.47.11:799][737]LogModuleManager: Shutting down and abandoning module WebMMoviePlayer (248)
[2020.08.04-10.47.11:799][737]LogModuleManager: Shutting down and abandoning module NetworkReplayStreaming (246)
[2020.08.04-10.47.11:799][737]LogModuleManager: Shutting down and abandoning module PacketHandler (244)
[2020.08.04-10.47.11:799][737]LogModuleManager: Shutting down and abandoning module ClothingSystemEditor (242)
[2020.08.04-10.47.11:799][737]LogModuleManager: Shutting down and abandoning module ClothingSystemRuntime (240)
[2020.08.04-10.47.11:799][737]LogModuleManager: Shutting down and abandoning module MediaAssets (238)
[2020.08.04-10.47.11:800][737]LogModuleManager: Shutting down and abandoning module Overlay (236)
[2020.08.04-10.47.11:800][737]LogModuleManager: Shutting down and abandoning module OverlayEditor (235)
[2020.08.04-10.47.11:800][737]LogModuleManager: Shutting down and abandoning module VREditor (232)
[2020.08.04-10.47.11:800][737]LogModuleManager: Shutting down and abandoning module StringTableEditor (230)
[2020.08.04-10.47.11:800][737]LogModuleManager: Shutting down and abandoning module GameplayTasksEditor (228)
[2020.08.04-10.47.11:800][737]LogModuleManager: Shutting down and abandoning module BehaviorTreeEditor (226)
[2020.08.04-10.47.11:800][737]LogModuleManager: Shutting down and abandoning module FunctionalTesting (224)
[2020.08.04-10.47.11:800][737]LogModuleManager: Shutting down and abandoning module CollisionAnalyzer (222)
[2020.08.04-10.47.11:800][737]LogModuleManager: Shutting down and abandoning module WorkspaceMenuStructure (221)
[2020.08.04-10.47.11:800][737]LogModuleManager: Shutting down and abandoning module UMG (218)
[2020.08.04-10.47.11:800][737]LogModuleManager: Shutting down and abandoning module UMGEditor (217)
[2020.08.04-10.47.11:800][737]LogModuleManager: Shutting down and abandoning module Sequencer (216)
[2020.08.04-10.47.11:800][737]LogModuleManager: Shutting down and abandoning module MessageLog (213)
[2020.08.04-10.47.11:800][737]LogModuleManager: Shutting down and abandoning module SlateReflector (208)
[2020.08.04-10.47.11:800][737]LogModuleManager: Shutting down and abandoning module Slate (206)
[2020.08.04-10.47.11:800][737]LogModuleManager: Shutting down and abandoning module LandscapeEditorUtilities (204)
[2020.08.04-10.47.11:800][737]LogModuleManager: Shutting down and abandoning module EditorStyle (202)
[2020.08.04-10.47.11:802][737]LogModuleManager: Shutting down and abandoning module UnrealEd (200)
[2020.08.04-10.47.11:802][737]LogModuleManager: Shutting down and abandoning module MRMesh (198)
[2020.08.04-10.47.11:802][737]LogModuleManager: Shutting down and abandoning module SourceCodeAccess (196)
[2020.08.04-10.47.11:802][737]LogModuleManager: Shutting down and abandoning module HeadMountedDisplay (194)
[2020.08.04-10.47.11:802][737]LogModuleManager: Shutting down and abandoning module XAudio2 (192)
[2020.08.04-10.47.11:802][737]LogModuleManager: Shutting down and abandoning module Networking (190)
[2020.08.04-10.47.11:802][737]LogModuleManager: Shutting down and abandoning module Core (188)
[2020.08.04-10.47.11:802][737]LogModuleManager: Shutting down and abandoning module KismetCompiler (186)
[2020.08.04-10.47.11:802][737]LogModuleManager: Shutting down and abandoning module MeshUtilities (184)
[2020.08.04-10.47.11:802][737]LogModuleManager: Shutting down and abandoning module MeshMergeUtilities (183)
[2020.08.04-10.47.11:802][737]LogModuleManager: Shutting down and abandoning module MeshReductionInterface (182)
[2020.08.04-10.47.11:802][737]LogModuleManager: Shutting down and abandoning module SkeletalMeshReduction (181)
[2020.08.04-10.47.11:802][737]LogModuleManager: Shutting down and abandoning module ProxyLODMeshReduction (179)
[2020.08.04-10.47.11:802][737]LogModuleManager: Shutting down and abandoning module QuadricMeshReduction (177)
[2020.08.04-10.47.11:802][737]LogModuleManager: Shutting down and abandoning module MaterialBaking (173)
[2020.08.04-10.47.11:802][737]LogModuleManager: Shutting down and abandoning module NullInstallBundleManager (168)
[2020.08.04-10.47.11:802][737]LogModuleManager: Shutting down and abandoning module DerivedDataCache (166)
[2020.08.04-10.47.11:844][737]LogDerivedDataCache: Shutdown
[2020.08.04-10.47.11:844][737]LogModuleManager: Shutting down and abandoning module XGEController (164)
[2020.08.04-10.47.11:844][737]LogXGEController: Cleaning working directory: C:/Users/user/AppData/Local/Temp/UnrealXGEWorkingDir/
[2020.08.04-10.47.11:845][737]LogModuleManager: Shutting down and abandoning module TargetPlatform (162)
[2020.08.04-10.47.11:845][737]LogModuleManager: Shutting down and abandoning module VulkanShaderFormat (161)
[2020.08.04-10.47.11:845][737]LogModuleManager: Shutting down and abandoning module ShaderFormatVectorVM (159)
[2020.08.04-10.47.11:845][737]LogModuleManager: Shutting down and abandoning module ShaderFormatOpenGL (157)
[2020.08.04-10.47.11:845][737]LogModuleManager: Shutting down and abandoning module ShaderFormatD3D (155)
[2020.08.04-10.47.11:845][737]LogModuleManager: Shutting down and abandoning module MetalShaderFormat (153)
[2020.08.04-10.47.11:846][737]LogModuleManager: Shutting down and abandoning module TextureFormatUncompressed (151)
[2020.08.04-10.47.11:846][737]LogModuleManager: Shutting down and abandoning module TextureFormatPVR (149)
[2020.08.04-10.47.11:846][737]LogModuleManager: Shutting down and abandoning module TextureFormatDXT (147)
[2020.08.04-10.47.11:846][737]LogModuleManager: Shutting down and abandoning module TextureFormatIntelISPCTexComp (145)
[2020.08.04-10.47.11:846][737]LogModuleManager: Shutting down and abandoning module TextureFormatASTC (143)
[2020.08.04-10.47.11:846][737]LogModuleManager: Shutting down and abandoning module ImageWrapper (142)
[2020.08.04-10.47.11:846][737]LogModuleManager: Shutting down and abandoning module TextureFormatAndroid (139)
[2020.08.04-10.47.11:846][737]LogModuleManager: Shutting down and abandoning module AudioFormatOpus (137)
[2020.08.04-10.47.11:846][737]LogModuleManager: Shutting down and abandoning module AudioFormatOgg (135)
[2020.08.04-10.47.11:846][737]LogModuleManager: Shutting down and abandoning module AudioFormatADPCM (133)
[2020.08.04-10.47.11:846][737]LogModuleManager: Shutting down and abandoning module LuminTargetPlatform (131)
[2020.08.04-10.47.11:847][737]LogModuleManager: Shutting down and abandoning module LinuxTargetPlatform (129)
[2020.08.04-10.47.11:848][737]LogModuleManager: Shutting down and abandoning module LinuxServerTargetPlatform (127)
[2020.08.04-10.47.11:848][737]LogModuleManager: Shutting down and abandoning module LinuxNoEditorTargetPlatform (125)
[2020.08.04-10.47.11:848][737]LogModuleManager: Shutting down and abandoning module LinuxClientTargetPlatform (123)
[2020.08.04-10.47.11:848][737]LogModuleManager: Shutting down and abandoning module TVOSTargetPlatform (121)
[2020.08.04-10.47.11:850][737]LogModuleManager: Shutting down and abandoning module Messaging (119)
[2020.08.04-10.47.11:850][737]LogModuleManager: Shutting down and abandoning module IOSTargetPlatform (117)
[2020.08.04-10.47.11:850][737]LogModuleManager: Shutting down and abandoning module HTML5TargetPlatform (115)
[2020.08.04-10.47.11:850][737]LogModuleManager: Shutting down and abandoning module AndroidTargetPlatform (113)
[2020.08.04-10.47.11:856][737]LogModuleManager: Shutting down and abandoning module WindowsTargetPlatform (111)
[2020.08.04-10.47.11:856][737]LogModuleManager: Shutting down and abandoning module WindowsServerTargetPlatform (109)
[2020.08.04-10.47.11:856][737]LogModuleManager: Shutting down and abandoning module WindowsNoEditorTargetPlatform (107)
[2020.08.04-10.47.11:857][737]LogModuleManager: Shutting down and abandoning module WindowsClientTargetPlatform (105)
[2020.08.04-10.47.11:857][737]LogModuleManager: Shutting down and abandoning module MacTargetPlatform (103)
[2020.08.04-10.47.11:857][737]LogModuleManager: Shutting down and abandoning module MacServerTargetPlatform (101)
[2020.08.04-10.47.11:857][737]LogModuleManager: Shutting down and abandoning module MacNoEditorTargetPlatform (99)
[2020.08.04-10.47.11:857][737]LogModuleManager: Shutting down and abandoning module MacClientTargetPlatform (97)
[2020.08.04-10.47.11:857][737]LogModuleManager: Shutting down and abandoning module AllDesktopTargetPlatform (95)
[2020.08.04-10.47.11:857][737]LogModuleManager: Shutting down and abandoning module InputCore (92)
[2020.08.04-10.47.11:857][737]LogModuleManager: Shutting down and abandoning module Settings (90)
[2020.08.04-10.47.11:857][737]LogModuleManager: Shutting down and abandoning module DirectoryWatcher (88)
[2020.08.04-10.47.11:857][737]LogModuleManager: Shutting down and abandoning module PhysXCooking (86)
[2020.08.04-10.47.11:857][737]LogModuleManager: Shutting down and abandoning module WindowsPlatformFeatures (84)
[2020.08.04-10.47.11:857][737]LogModuleManager: Shutting down and abandoning module GameplayMediaEncoder (83)
[2020.08.04-10.47.11:857][737]LogModuleManager: Shutting down and abandoning module SteamVR (80)
[2020.08.04-10.47.11:857][737]LogHMD: Freeing OpenVRDLLHandle.
[2020.08.04-10.47.11:857][737]LogModuleManager: Shutting down and abandoning module OculusHMD (78)
[2020.08.04-10.47.11:857][737]LogModuleManager: Shutting down and abandoning module ExampleDeviceProfileSelector (76)
[2020.08.04-10.47.11:857][737]LogModuleManager: Shutting down and abandoning module LauncherChunkInstaller (74)
[2020.08.04-10.47.11:857][737]LogModuleManager: Shutting down and abandoning module OnlineBlueprintSupport (72)
[2020.08.04-10.47.11:857][737]LogModuleManager: Shutting down and abandoning module OnlineSubsystem (68)
[2020.08.04-10.47.11:858][737]LogModuleManager: Shutting down and abandoning module XMPP (63)
[2020.08.04-10.47.11:858][737]LogModuleManager: Shutting down and abandoning module WebSockets (62)
[2020.08.04-10.47.11:881][737]LogModuleManager: Shutting down and abandoning module HTTP (59)
[2020.08.04-10.47.11:915][737]LogModuleManager: Shutting down and abandoning module SSL (58)
[2020.08.04-10.47.11:917][737]LogModuleManager: Shutting down and abandoning module WmfMedia (54)
[2020.08.04-10.47.11:919][737]LogModuleManager: Shutting down and abandoning module Media (53)
[2020.08.04-10.47.11:920][737]LogModuleManager: Shutting down and abandoning module MagicLeap (50)
[2020.08.04-10.47.11:920][737]LogModuleManager: Shutting down and abandoning module DatasmithContent (48)
[2020.08.04-10.47.11:921][737]LogModuleManager: Shutting down and abandoning module AISupportModule (46)
[2020.08.04-10.47.11:921][737]LogModuleManager: Shutting down and abandoning module PythonScriptPluginPreload (44)
[2020.08.04-10.47.11:921][737]LogModuleManager: Shutting down and abandoning module PlatformCryptoOpenSSL (42)
[2020.08.04-10.47.11:921][737]LogModuleManager: Shutting down and abandoning module PlatformCrypto (40)
[2020.08.04-10.47.11:921][737]LogModuleManager: Shutting down and abandoning module AnimationModifiers (38)
[2020.08.04-10.47.11:921][737]LogModuleManager: Shutting down and abandoning module PropertyEditor (37)
[2020.08.04-10.47.11:921][737]LogModuleManager: Shutting down and abandoning module AudioEditor (34)
[2020.08.04-10.47.11:922][737]LogModuleManager: Shutting down and abandoning module TextureCompressor (32)
[2020.08.04-10.47.11:922][737]LogModuleManager: Shutting down and abandoning module RenderCore (30)
[2020.08.04-10.47.11:922][737]LogModuleManager: Shutting down and abandoning module Landscape (28)
[2020.08.04-10.47.11:922][737]LogModuleManager: Shutting down and abandoning module SlateRHIRenderer (26)
[2020.08.04-10.47.11:923][737]LogModuleManager: Shutting down and abandoning module OpenGLDrv (24)
[2020.08.04-10.47.11:923][737]LogModuleManager: Shutting down and abandoning module D3D11RHI (22)
[2020.08.04-10.47.11:923][737]LogModuleManager: Shutting down and abandoning module AnimGraphRuntime (20)
[2020.08.04-10.47.11:923][737]LogModuleManager: Shutting down and abandoning module Renderer (18)
[2020.08.04-10.47.11:923][737]LogModuleManager: Shutting down and abandoning module Engine (16)
[2020.08.04-10.47.11:923][737]LogModuleManager: Shutting down and abandoning module CoreUObject (14)
[2020.08.04-10.47.11:924][737]LogModuleManager: Shutting down and abandoning module NetworkFile (12)
[2020.08.04-10.47.11:924][737]LogModuleManager: Shutting down and abandoning module CookedIterativeFile (10)
[2020.08.04-10.47.11:924][737]LogModuleManager: Shutting down and abandoning module StreamingFile (8)
[2020.08.04-10.47.11:924][737]LogModuleManager: Shutting down and abandoning module SandboxFile (6)
[2020.08.04-10.47.11:924][737]LogModuleManager: Shutting down and abandoning module PakFile (4)
[2020.08.04-10.47.11:924][737]LogModuleManager: Shutting down and abandoning module RSA (3)
[2020.08.04-10.47.11:924][737]LogD3D11RHI: Shutdown
[2020.08.04-10.47.11:924][737]LogD3D11RHI: CleanupD3DDevice
[2020.08.04-10.47.11:925][737]LogRendererCore: FGlobalDynamicReadBuffer::Cleanup()
[2020.08.04-10.47.11:925][737]LogRendererCore: FGlobalDynamicReadBuffer::Cleanup()
[2020.08.04-10.47.11:925][737]LogRendererCore: FGlobalDynamicReadBuffer::Cleanup()
[2020.08.04-10.47.12:116][737]LogD3D11RHI: ~FD3D11DynamicRHI
[2020.08.04-10.47.12:122][737]LogExit: Exiting.
[2020.08.04-10.47.12:130][737]Log file closed, 08/04/20 12:47:12
