Log file open, 08/04/20 18:05:11
LogWindows: Failed to load 'aqProf.dll' (GetLastError=126)
LogWindows: File 'aqProf.dll' does not exist
LogWindows: Failed to load 'VtuneApi.dll' (GetLastError=126)
LogWindows: File 'VtuneApi.dll' does not exist
LogWindows: Failed to load 'VtuneApi32e.dll' (GetLastError=126)
LogWindows: File 'VtuneApi32e.dll' does not exist
LogConsoleResponse: Display: Failed to find resolution value strings in scalability ini. Falling back to default.
LogInit: Display: Running engine for game: MissilWarsVPerfory
LogPlatformFile: Not using cached read wrapper
LogTaskGraph: Started task graph with 5 named threads and 11 total threads with 3 sets of task threads.
LogStats: Stats thread started at 0.195862
LogD3D11RHI: Loaded GFSDK_Aftermath_Lib.x64.dll
LogICUInternationalization: ICU TimeZone Detection - Raw Offset: +1:00, Platform Override: ''
LogPluginManager: Mounting plugin Paper2D
LogPluginManager: Mounting plugin AISupport
LogPluginManager: Mounting plugin LightPropagationVolume
LogPluginManager: Mounting plugin ActorLayerUtilities
LogPluginManager: Mounting plugin AnimationSharing
LogPluginManager: Mounting plugin CLionSourceCodeAccess
LogPluginManager: Mounting plugin CodeLiteSourceCodeAccess
LogPluginManager: Mounting plugin GitSourceControl
LogPluginManager: Mounting plugin KDevelopSourceCodeAccess
LogPluginManager: Mounting plugin NullSourceCodeAccess
LogPluginManager: Mounting plugin PerforceSourceControl
LogPluginManager: Mounting plugin SubversionSourceControl
LogPluginManager: Mounting plugin UObjectPlugin
LogPluginManager: Mounting plugin VisualStudioCodeSourceCodeAccess
LogPluginManager: Mounting plugin VisualStudioSourceCodeAccess
LogPluginManager: Mounting plugin XCodeSourceCodeAccess
LogPluginManager: Mounting plugin AssetManagerEditor
LogPluginManager: Mounting plugin CryptoKeys
LogPluginManager: Mounting plugin CurveEditorTools
LogPluginManager: Mounting plugin DataValidation
LogPluginManager: Mounting plugin EditorScriptingUtilities
LogPluginManager: Mounting plugin FacialAnimation
LogPluginManager: Mounting plugin GameplayTagsEditor
LogPluginManager: Mounting plugin MacGraphicsSwitching
LogPluginManager: Mounting plugin MaterialAnalyzer
LogPluginManager: Mounting plugin MobileLauncherProfileWizard
LogPluginManager: Mounting plugin PluginBrowser
LogPluginManager: Mounting plugin SpeedTreeImporter
LogPluginManager: Mounting plugin DatasmithContent
LogPluginManager: Mounting plugin VariantManagerContent
LogPluginManager: Mounting plugin AlembicImporter
LogPluginManager: Mounting plugin AutomationUtils
LogPluginManager: Mounting plugin BackChannel
LogPluginManager: Mounting plugin CharacterAI
LogPluginManager: Mounting plugin GeometryCache
LogPluginManager: Mounting plugin HTML5Networking
LogPluginManager: Mounting plugin PlatformCrypto
LogPluginManager: Mounting plugin ProxyLODPlugin
LogPluginManager: Mounting plugin PythonScriptPlugin
LogPluginManager: Mounting plugin SkeletalReduction
LogPluginManager: Mounting plugin MagicLeap
LogPluginManager: Mounting plugin MagicLeapMedia
LogPluginManager: Mounting plugin AndroidMedia
LogPluginManager: Mounting plugin AvfMedia
LogPluginManager: Mounting plugin ImgMedia
LogPluginManager: Mounting plugin MediaCompositing
LogPluginManager: Mounting plugin MediaPlayerEditor
LogPluginManager: Mounting plugin WebMMedia
LogPluginManager: Mounting plugin WmfMedia
LogPluginManager: Mounting plugin TcpMessaging
LogPluginManager: Mounting plugin UdpMessaging
LogPluginManager: Mounting plugin ActorSequence
LogPluginManager: Mounting plugin LevelSequenceEditor
LogPluginManager: Mounting plugin MatineeToLevelSequence
LogPluginManager: Mounting plugin NetcodeUnitTest
LogPluginManager: Mounting plugin NUTUnrealEngine4
LogPluginManager: Mounting plugin OnlineSubsystemGooglePlay
LogPluginManager: Mounting plugin OnlineSubsystemIOS
LogPluginManager: Mounting plugin OnlineSubsystem
LogPluginManager: Mounting plugin OnlineSubsystemNull
LogPluginManager: Mounting plugin OnlineSubsystemUtils
LogPluginManager: Mounting plugin LauncherChunkInstaller
LogPluginManager: Mounting plugin AndroidDeviceProfileSelector
LogPluginManager: Mounting plugin AndroidMoviePlayer
LogPluginManager: Mounting plugin AndroidPermission
LogPluginManager: Mounting plugin AppleImageUtils
LogPluginManager: Mounting plugin AppleMoviePlayer
LogPluginManager: Mounting plugin ArchVisCharacter
LogPluginManager: Mounting plugin AudioCapture
LogPluginManager: Mounting plugin CableComponent
LogPluginManager: Mounting plugin CustomMeshComponent
LogPluginManager: Mounting plugin EditableMesh
LogPluginManager: Mounting plugin ExampleDeviceProfileSelector
LogPluginManager: Mounting plugin GoogleCloudMessaging
LogPluginManager: Mounting plugin IOSDeviceProfileSelector
LogPluginManager: Mounting plugin LinuxDeviceProfileSelector
LogPluginManager: Mounting plugin LocationServicesBPLibrary
LogPluginManager: Mounting plugin MobilePatchingUtils
LogPluginManager: Mounting plugin OculusVR
LogPluginManager: Mounting plugin PhysXVehicles
LogPluginManager: Mounting plugin ProceduralMeshComponent
LogPluginManager: Mounting plugin RuntimePhysXCooking
LogPluginManager: Mounting plugin SignificanceManager
LogPluginManager: Mounting plugin SteamVR
LogPluginManager: Mounting plugin WebMMoviePlayer
LogPluginManager: Mounting plugin WindowsMoviePlayer
LogPluginManager: Mounting plugin ScreenshotTools
LogInit: Using libcurl 7.55.1-DEV
LogInit:  - built for x86_64-pc-win32
LogInit:  - supports SSL with OpenSSL/1.1.1
LogInit:  - supports HTTP deflate (compression) using libz 1.2.8
LogInit:  - other features:
LogInit:      CURL_VERSION_SSL
LogInit:      CURL_VERSION_LIBZ
LogInit:      CURL_VERSION_IPV6
LogInit:      CURL_VERSION_ASYNCHDNS
LogInit:      CURL_VERSION_LARGEFILE
LogInit:      CURL_VERSION_IDN
LogInit:  CurlRequestOptions (configurable via config and command line):
LogInit:  - bVerifyPeer = true  - Libcurl will verify peer certificate
LogInit:  - bUseHttpProxy = false  - Libcurl will NOT use HTTP proxy
LogInit:  - bDontReuseConnections = false  - Libcurl will reuse connections
LogInit:  - MaxHostConnections = 16  - Libcurl will limit the number of connections to a host
LogInit:  - LocalHostAddr = Default
LogInit:  - BufferSize = 65536
LogOnline: OSS: Creating online subsystem instance for: NULL
LogInit: WinSock: version 1.1 (2.2), MaxSocks=32767, MaxUdp=65467
LogInit: Build: ++UE4+Release-4.23-CL-9631420
LogInit: Engine Version: 4.23.1-9631420+++UE4+Release-4.23
LogInit: Compatible Engine Version: 4.23.0-8386587+++UE4+Release-4.23
LogInit: Net CL: 8386587
LogInit: OS: Windows 10 (Release 1909) (), CPU: Intel(R) Core(TM) i7-7500U CPU @ 2.70GHz, GPU: Intel(R) HD Graphics 620
LogInit: Compiled (64-bit): Oct 18 2019 02:07:44
LogInit: Compiled with Visual C++: 19.16.27030.01
LogInit: Build Configuration: Development
LogInit: Branch Name: ++UE4+Release-4.23
LogInit: Command Line: 
LogInit: Base Directory: E:/Epic Games/Unreal Engine/UE_4.23/Engine/Binaries/Win64/
LogInit: Installed Engine Build: 1
LogDevObjectVersion: Number of dev versions registered: 23
LogDevObjectVersion:   Dev-Blueprints (B0D832E4-1F89-4F0D-ACCF-7EB736FD4AA2): 10
LogDevObjectVersion:   Dev-Build (E1C64328-A22C-4D53-A36C-8E866417BD8C): 0
LogDevObjectVersion:   Dev-Core (375EC13C-06E4-48FB-B500-84F0262A717E): 3
LogDevObjectVersion:   Dev-Editor (E4B068ED-F494-42E9-A231-DA0B2E46BB41): 34
LogDevObjectVersion:   Dev-Framework (CFFC743F-43B0-4480-9391-14DF171D2073): 35
LogDevObjectVersion:   Dev-Mobile (B02B49B5-BB20-44E9-A304-32B752E40360): 2
LogDevObjectVersion:   Dev-Networking (A4E4105C-59A1-49B5-A7C5-40C4547EDFEE): 0
LogDevObjectVersion:   Dev-Online (39C831C9-5AE6-47DC-9A44-9C173E1C8E7C): 0
LogDevObjectVersion:   Dev-Physics (78F01B33-EBEA-4F98-B9B4-84EACCB95AA2): 0
LogDevObjectVersion:   Dev-Platform (6631380F-2D4D-43E0-8009-CF276956A95A): 0
LogDevObjectVersion:   Dev-Rendering (12F88B9F-8875-4AFC-A67C-D90C383ABD29): 31
LogDevObjectVersion:   Dev-Sequencer (7B5AE74C-D270-4C10-A958-57980B212A5A): 11
LogDevObjectVersion:   Dev-VR (D7296918-1DD6-4BDD-9DE2-64A83CC13884): 2
LogDevObjectVersion:   Dev-LoadTimes (C2A15278-BFE7-4AFE-6C17-90FF531DF755): 1
LogDevObjectVersion:   Private-Geometry (6EACA3D4-40EC-4CC1-B786-8BED09428FC5): 3
LogDevObjectVersion:   Dev-AnimPhys (29E575DD-E0A3-4627-9D10-D276232CDCEA): 17
LogDevObjectVersion:   Dev-Anim (AF43A65D-7FD3-4947-9873-3E8ED9C1BB05): 2
LogDevObjectVersion:   Dev-ReflectionCapture (6B266CEC-1EC7-4B8F-A30B-E4D90942FC07): 1
LogDevObjectVersion:   Dev-Automation (0DF73D61-A23F-47EA-B727-89E90C41499A): 1
LogDevObjectVersion:   FortniteMain (601D1886-AC64-4F84-AA16-D3DE0DEAC7D6): 27
LogDevObjectVersion:   Dev-Enterprise (9DFFBCD6-494F-0158-E221-12823C92A888): 6
LogDevObjectVersion:   Dev-Niagara (F2AED0AC-9AFE-416F-8664-AA7FFA26D6FC): 1
LogDevObjectVersion:   Dev-Destruction (174F1F0B-B4C6-45A5-B13F-2EE8D0FB917D): 9
LogInit: Presizing for max 16777216 objects, including 0 objects not considered by GC, pre-allocating 0 bytes for permanent pool.
LogInit: Object subsystem initialized
LogConfig: Setting CVar [[con.DebugEarlyDefault:1]]
LogConfig: Setting CVar [[r.setres:1280x720]]
[2020.08.04-16.05.12:243][  0]LogConfig: Setting CVar [[r.VSync:0]]
[2020.08.04-16.05.12:243][  0]LogConfig: Setting CVar [[r.RHICmdBypass:0]]
[2020.08.04-16.05.12:243][  0]LogConfig: Applying CVar settings from Section [/Script/Engine.RendererSettings] File [C:/Users/user/Documents/Unreal Projects/MissilWarsVPerfory/Saved/Config/Windows/Engine.ini]
[2020.08.04-16.05.12:243][  0]LogConfig: Setting CVar [[r.GPUCrashDebugging:0]]
[2020.08.04-16.05.12:243][  0]LogConfig: Setting CVar [[r.DefaultFeature.AutoExposure.ExtendDefaultLuminanceRange:1]]
[2020.08.04-16.05.12:243][  0]LogConfig: Applying CVar settings from Section [/Script/Engine.RendererOverrideSettings] File [C:/Users/user/Documents/Unreal Projects/MissilWarsVPerfory/Saved/Config/Windows/Engine.ini]
[2020.08.04-16.05.12:243][  0]LogConfig: Applying CVar settings from Section [/Script/Engine.StreamingSettings] File [C:/Users/user/Documents/Unreal Projects/MissilWarsVPerfory/Saved/Config/Windows/Engine.ini]
[2020.08.04-16.05.12:243][  0]LogConfig: Setting CVar [[s.MinBulkDataSizeForAsyncLoading:131072]]
[2020.08.04-16.05.12:243][  0]LogConfig: Setting CVar [[s.AsyncLoadingThreadEnabled:0]]
[2020.08.04-16.05.12:243][  0]LogConfig: Setting CVar [[s.EventDrivenLoaderEnabled:1]]
[2020.08.04-16.05.12:243][  0]LogConfig: Setting CVar [[s.WarnIfTimeLimitExceeded:0]]
[2020.08.04-16.05.12:243][  0]LogConfig: Setting CVar [[s.TimeLimitExceededMultiplier:1.5]]
[2020.08.04-16.05.12:243][  0]LogConfig: Setting CVar [[s.TimeLimitExceededMinTime:0.005]]
[2020.08.04-16.05.12:243][  0]LogConfig: Setting CVar [[s.UseBackgroundLevelStreaming:1]]
[2020.08.04-16.05.12:243][  0]LogConfig: Setting CVar [[s.PriorityAsyncLoadingExtraTime:15.0]]
[2020.08.04-16.05.12:244][  0]LogConfig: Setting CVar [[s.LevelStreamingActorsUpdateTimeLimit:5.0]]
[2020.08.04-16.05.12:244][  0]LogConfig: Setting CVar [[s.PriorityLevelStreamingActorsUpdateExtraTime:5.0]]
[2020.08.04-16.05.12:244][  0]LogConfig: Setting CVar [[s.LevelStreamingComponentsRegistrationGranularity:10]]
[2020.08.04-16.05.12:244][  0]LogConfig: Setting CVar [[s.UnregisterComponentsTimeLimit:1.0]]
[2020.08.04-16.05.12:244][  0]LogConfig: Setting CVar [[s.LevelStreamingComponentsUnregistrationGranularity:5]]
[2020.08.04-16.05.12:244][  0]LogConfig: Applying CVar settings from Section [/Script/Engine.GarbageCollectionSettings] File [C:/Users/user/Documents/Unreal Projects/MissilWarsVPerfory/Saved/Config/Windows/Engine.ini]
[2020.08.04-16.05.12:244][  0]LogConfig: Setting CVar [[gc.MaxObjectsNotConsideredByGC:1]]
[2020.08.04-16.05.12:244][  0]LogConfig: Setting CVar [[gc.SizeOfPermanentObjectPool:0]]
[2020.08.04-16.05.12:244][  0]LogConfig: Setting CVar [[gc.FlushStreamingOnGC:0]]
[2020.08.04-16.05.12:244][  0]LogConfig: Setting CVar [[gc.NumRetriesBeforeForcingGC:10]]
[2020.08.04-16.05.12:244][  0]LogConfig: Setting CVar [[gc.AllowParallelGC:1]]
[2020.08.04-16.05.12:244][  0]LogConfig: Setting CVar [[gc.TimeBetweenPurgingPendingKillObjects:61.1]]
[2020.08.04-16.05.12:244][  0]LogConfig: Setting CVar [[gc.MaxObjectsInEditor:16777216]]
[2020.08.04-16.05.12:244][  0]LogConfig: Setting CVar [[gc.IncrementalBeginDestroyEnabled:1]]
[2020.08.04-16.05.12:244][  0]LogConfig: Setting CVar [[gc.CreateGCClusters:1]]
[2020.08.04-16.05.12:244][  0]LogConfig: Setting CVar [[gc.MinGCClusterSize:5]]
[2020.08.04-16.05.12:244][  0]LogConfig: Setting CVar [[gc.ActorClusteringEnabled:0]]
[2020.08.04-16.05.12:244][  0]LogConfig: Setting CVar [[gc.BlueprintClusteringEnabled:0]]
[2020.08.04-16.05.12:244][  0]LogConfig: Setting CVar [[gc.UseDisregardForGCOnDedicatedServers:0]]
[2020.08.04-16.05.12:244][  0]LogConfig: Applying CVar settings from Section [/Script/Engine.NetworkSettings] File [C:/Users/user/Documents/Unreal Projects/MissilWarsVPerfory/Saved/Config/Windows/Engine.ini]
[2020.08.04-16.05.12:244][  0]LogConfig: Applying CVar settings from Section [/Script/UnrealEd.CookerSettings] File [C:/Users/user/Documents/Unreal Projects/MissilWarsVPerfory/Saved/Config/Windows/Engine.ini]
[2020.08.04-16.05.12:251][  0]LogConfig: Applying CVar settings from Section [ViewDistanceQuality@3] File [C:/Users/user/Documents/Unreal Projects/MissilWarsVPerfory/Saved/Config/Windows/Scalability.ini]
[2020.08.04-16.05.12:251][  0]LogConfig: Setting CVar [[r.SkeletalMeshLODBias:0]]
[2020.08.04-16.05.12:251][  0]LogConfig: Setting CVar [[r.ViewDistanceScale:1.0]]
[2020.08.04-16.05.12:251][  0]LogConfig: Applying CVar settings from Section [AntiAliasingQuality@3] File [C:/Users/user/Documents/Unreal Projects/MissilWarsVPerfory/Saved/Config/Windows/Scalability.ini]
[2020.08.04-16.05.12:251][  0]LogConfig: Setting CVar [[r.PostProcessAAQuality:4]]
[2020.08.04-16.05.12:251][  0]LogConfig: Applying CVar settings from Section [ShadowQuality@3] File [C:/Users/user/Documents/Unreal Projects/MissilWarsVPerfory/Saved/Config/Windows/Scalability.ini]
[2020.08.04-16.05.12:251][  0]LogConfig: Setting CVar [[r.LightFunctionQuality:1]]
[2020.08.04-16.05.12:251][  0]LogConfig: Setting CVar [[r.ShadowQuality:5]]
[2020.08.04-16.05.12:251][  0]LogConfig: Setting CVar [[r.Shadow.CSM.MaxCascades:10]]
[2020.08.04-16.05.12:251][  0]LogConfig: Setting CVar [[r.Shadow.MaxResolution:2048]]
[2020.08.04-16.05.12:251][  0]LogConfig: Setting CVar [[r.Shadow.MaxCSMResolution:2048]]
[2020.08.04-16.05.12:252][  0]LogConfig: Setting CVar [[r.Shadow.RadiusThreshold:0.01]]
[2020.08.04-16.05.12:252][  0]LogConfig: Setting CVar [[r.Shadow.DistanceScale:1.0]]
[2020.08.04-16.05.12:252][  0]LogConfig: Setting CVar [[r.Shadow.CSM.TransitionScale:1.0]]
[2020.08.04-16.05.12:252][  0]LogConfig: Setting CVar [[r.Shadow.PreShadowResolutionFactor:1.0]]
[2020.08.04-16.05.12:252][  0]LogConfig: Setting CVar [[r.DistanceFieldShadowing:1]]
[2020.08.04-16.05.12:252][  0]LogConfig: Setting CVar [[r.DistanceFieldAO:1]]
[2020.08.04-16.05.12:252][  0]LogConfig: Setting CVar [[r.AOQuality:2]]
[2020.08.04-16.05.12:252][  0]LogConfig: Setting CVar [[r.VolumetricFog:1]]
[2020.08.04-16.05.12:252][  0]LogConfig: Setting CVar [[r.VolumetricFog.GridPixelSize:8]]
[2020.08.04-16.05.12:252][  0]LogConfig: Setting CVar [[r.VolumetricFog.GridSizeZ:128]]
[2020.08.04-16.05.12:252][  0]LogConfig: Setting CVar [[r.VolumetricFog.HistoryMissSupersampleCount:4]]
[2020.08.04-16.05.12:252][  0]LogConfig: Setting CVar [[r.LightMaxDrawDistanceScale:1]]
[2020.08.04-16.05.12:252][  0]LogConfig: Setting CVar [[r.CapsuleShadows:1]]
[2020.08.04-16.05.12:252][  0]LogConfig: Applying CVar settings from Section [PostProcessQuality@3] File [C:/Users/user/Documents/Unreal Projects/MissilWarsVPerfory/Saved/Config/Windows/Scalability.ini]
[2020.08.04-16.05.12:252][  0]LogConfig: Setting CVar [[r.MotionBlurQuality:4]]
[2020.08.04-16.05.12:252][  0]LogConfig: Setting CVar [[r.AmbientOcclusionMipLevelFactor:0.4]]
[2020.08.04-16.05.12:252][  0]LogConfig: Setting CVar [[r.AmbientOcclusionMaxQuality:100]]
[2020.08.04-16.05.12:252][  0]LogConfig: Setting CVar [[r.AmbientOcclusionLevels:-1]]
[2020.08.04-16.05.12:252][  0]LogConfig: Setting CVar [[r.AmbientOcclusionRadiusScale:1.0]]
[2020.08.04-16.05.12:252][  0]LogConfig: Setting CVar [[r.DepthOfFieldQuality:2]]
[2020.08.04-16.05.12:252][  0]LogConfig: Setting CVar [[r.RenderTargetPoolMin:400]]
[2020.08.04-16.05.12:252][  0]LogConfig: Setting CVar [[r.LensFlareQuality:2]]
[2020.08.04-16.05.12:252][  0]LogConfig: Setting CVar [[r.SceneColorFringeQuality:1]]
[2020.08.04-16.05.12:252][  0]LogConfig: Setting CVar [[r.EyeAdaptationQuality:2]]
[2020.08.04-16.05.12:252][  0]LogConfig: Setting CVar [[r.BloomQuality:5]]
[2020.08.04-16.05.12:252][  0]LogConfig: Setting CVar [[r.FastBlurThreshold:100]]
[2020.08.04-16.05.12:252][  0]LogConfig: Setting CVar [[r.Upscale.Quality:3]]
[2020.08.04-16.05.12:252][  0]LogConfig: Setting CVar [[r.Tonemapper.GrainQuantization:1]]
[2020.08.04-16.05.12:252][  0]LogConfig: Setting CVar [[r.LightShaftQuality:1]]
[2020.08.04-16.05.12:252][  0]LogConfig: Setting CVar [[r.Filter.SizeScale:1]]
[2020.08.04-16.05.12:253][  0]LogConfig: Setting CVar [[r.Tonemapper.Quality:5]]
[2020.08.04-16.05.12:253][  0]LogConfig: Setting CVar [[r.DOF.Gather.AccumulatorQuality:1        ; higher gathering accumulator quality]]
[2020.08.04-16.05.12:253][  0]LogConfig: Setting CVar [[r.DOF.Gather.PostfilterMethod:1          ; Median3x3 postfilering method]]
[2020.08.04-16.05.12:253][  0]LogConfig: Setting CVar [[r.DOF.Gather.EnableBokehSettings:0       ; no bokeh simulation when gathering]]
[2020.08.04-16.05.12:253][  0]LogConfig: Setting CVar [[r.DOF.Gather.RingCount:4                 ; medium number of samples when gathering]]
[2020.08.04-16.05.12:253][  0]LogConfig: Setting CVar [[r.DOF.Scatter.ForegroundCompositing:1    ; additive foreground scattering]]
[2020.08.04-16.05.12:253][  0]LogConfig: Setting CVar [[r.DOF.Scatter.BackgroundCompositing:2    ; additive background scattering]]
[2020.08.04-16.05.12:253][  0]LogConfig: Setting CVar [[r.DOF.Scatter.EnableBokehSettings:1      ; bokeh simulation when scattering]]
[2020.08.04-16.05.12:253][  0]LogConfig: Setting CVar [[r.DOF.Scatter.MaxSpriteRatio:0.1         ; only a maximum of 10% of scattered bokeh]]
[2020.08.04-16.05.12:253][  0]LogConfig: Setting CVar [[r.DOF.Recombine.Quality:1                ; cheap slight out of focus]]
[2020.08.04-16.05.12:253][  0]LogConfig: Setting CVar [[r.DOF.Recombine.EnableBokehSettings:0    ; no bokeh simulation on slight out of focus]]
[2020.08.04-16.05.12:253][  0]LogConfig: Setting CVar [[r.DOF.TemporalAAQuality:1                ; more stable temporal accumulation]]
[2020.08.04-16.05.12:253][  0]LogConfig: Setting CVar [[r.DOF.Kernel.MaxForegroundRadius:0.025]]
[2020.08.04-16.05.12:253][  0]LogConfig: Setting CVar [[r.DOF.Kernel.MaxBackgroundRadius:0.025]]
[2020.08.04-16.05.12:253][  0]LogConfig: Applying CVar settings from Section [TextureQuality@3] File [C:/Users/user/Documents/Unreal Projects/MissilWarsVPerfory/Saved/Config/Windows/Scalability.ini]
[2020.08.04-16.05.12:253][  0]LogConfig: Setting CVar [[r.Streaming.MipBias:0]]
[2020.08.04-16.05.12:253][  0]LogConfig: Setting CVar [[r.Streaming.AmortizeCPUToGPUCopy:0]]
[2020.08.04-16.05.12:253][  0]LogConfig: Setting CVar [[r.Streaming.MaxNumTexturesToStreamPerFrame:0]]
[2020.08.04-16.05.12:253][  0]LogConfig: Setting CVar [[r.Streaming.Boost:1]]
[2020.08.04-16.05.12:253][  0]LogConfig: Setting CVar [[r.MaxAnisotropy:8]]
[2020.08.04-16.05.12:253][  0]LogConfig: Setting CVar [[r.Streaming.LimitPoolSizeToVRAM:0]]
[2020.08.04-16.05.12:253][  0]LogConfig: Setting CVar [[r.Streaming.PoolSize:1000]]
[2020.08.04-16.05.12:253][  0]LogConfig: Setting CVar [[r.Streaming.MaxEffectiveScreenSize:0]]
[2020.08.04-16.05.12:253][  0]LogConfig: Applying CVar settings from Section [EffectsQuality@3] File [C:/Users/user/Documents/Unreal Projects/MissilWarsVPerfory/Saved/Config/Windows/Scalability.ini]
[2020.08.04-16.05.12:253][  0]LogConfig: Setting CVar [[r.TranslucencyLightingVolumeDim:64]]
[2020.08.04-16.05.12:253][  0]LogConfig: Setting CVar [[r.RefractionQuality:2]]
[2020.08.04-16.05.12:253][  0]LogConfig: Setting CVar [[r.SSR.Quality:3]]
[2020.08.04-16.05.12:253][  0]LogConfig: Setting CVar [[r.SceneColorFormat:4]]
[2020.08.04-16.05.12:253][  0]LogConfig: Setting CVar [[r.DetailMode:2]]
[2020.08.04-16.05.12:253][  0]LogConfig: Setting CVar [[r.TranslucencyVolumeBlur:1]]
[2020.08.04-16.05.12:253][  0]LogConfig: Setting CVar [[r.MaterialQualityLevel:1 ; High quality]]
[2020.08.04-16.05.12:254][  0]LogConfig: Setting CVar [[r.SSS.Scale:1]]
[2020.08.04-16.05.12:254][  0]LogConfig: Setting CVar [[r.SSS.SampleSet:2]]
[2020.08.04-16.05.12:254][  0]LogConfig: Setting CVar [[r.SSS.Quality:1]]
[2020.08.04-16.05.12:254][  0]LogConfig: Setting CVar [[r.SSS.HalfRes:1]]
[2020.08.04-16.05.12:254][  0]LogConfig: Setting CVar [[r.EmitterSpawnRateScale:1.0]]
[2020.08.04-16.05.12:254][  0]LogConfig: Setting CVar [[r.ParticleLightQuality:2]]
[2020.08.04-16.05.12:254][  0]LogConfig: Applying CVar settings from Section [FoliageQuality@3] File [C:/Users/user/Documents/Unreal Projects/MissilWarsVPerfory/Saved/Config/Windows/Scalability.ini]
[2020.08.04-16.05.12:254][  0]LogConfig: Setting CVar [[foliage.DensityScale:1.0]]
[2020.08.04-16.05.12:254][  0]LogConfig: Setting CVar [[grass.DensityScale:1.0]]
[2020.08.04-16.05.12:254][  0]LogInit: Selected Device Profile: [Windows]
[2020.08.04-16.05.12:254][  0]LogInit: Applying CVar settings loaded from the selected device profile: [Windows]
[2020.08.04-16.05.12:258][  0]LogHAL: Display: Platform has ~ 16 GB [17091694592 / 17179869184 / 16], which maps to Larger [LargestMinGB=32, LargerMinGB=12, DefaultMinGB=8, SmallerMinGB=6, SmallestMinGB=0)
[2020.08.04-16.05.12:258][  0]LogInit: Going up to parent DeviceProfile []
[2020.08.04-16.05.12:258][  0]LogConfig: Applying CVar settings from Section [ViewDistanceQuality@1] File [C:/Users/user/Documents/Unreal Projects/MissilWarsVPerfory/Saved/Config/Windows/Scalability.ini]
[2020.08.04-16.05.12:258][  0]LogConfig: Setting CVar [[r.SkeletalMeshLODBias:1]]
[2020.08.04-16.05.12:258][  0]LogConfig: Setting CVar [[r.ViewDistanceScale:0.6]]
[2020.08.04-16.05.12:258][  0]LogConfig: Applying CVar settings from Section [AntiAliasingQuality@1] File [C:/Users/user/Documents/Unreal Projects/MissilWarsVPerfory/Saved/Config/Windows/Scalability.ini]
[2020.08.04-16.05.12:258][  0]LogConfig: Setting CVar [[r.PostProcessAAQuality:2]]
[2020.08.04-16.05.12:258][  0]LogConfig: Applying CVar settings from Section [ShadowQuality@1] File [C:/Users/user/Documents/Unreal Projects/MissilWarsVPerfory/Saved/Config/Windows/Scalability.ini]
[2020.08.04-16.05.12:258][  0]LogConfig: Setting CVar [[r.LightFunctionQuality:1]]
[2020.08.04-16.05.12:258][  0]LogConfig: Setting CVar [[r.ShadowQuality:3]]
[2020.08.04-16.05.12:258][  0]LogConfig: Setting CVar [[r.Shadow.CSM.MaxCascades:1]]
[2020.08.04-16.05.12:258][  0]LogConfig: Setting CVar [[r.Shadow.MaxResolution:1024]]
[2020.08.04-16.05.12:258][  0]LogConfig: Setting CVar [[r.Shadow.MaxCSMResolution:1024]]
[2020.08.04-16.05.12:258][  0]LogConfig: Setting CVar [[r.Shadow.RadiusThreshold:0.05]]
[2020.08.04-16.05.12:259][  0]LogConfig: Setting CVar [[r.Shadow.DistanceScale:0.7]]
[2020.08.04-16.05.12:259][  0]LogConfig: Setting CVar [[r.Shadow.CSM.TransitionScale:0.25]]
[2020.08.04-16.05.12:259][  0]LogConfig: Setting CVar [[r.Shadow.PreShadowResolutionFactor:0.5]]
[2020.08.04-16.05.12:259][  0]LogConfig: Setting CVar [[r.DistanceFieldShadowing:0]]
[2020.08.04-16.05.12:259][  0]LogConfig: Setting CVar [[r.DistanceFieldAO:0]]
[2020.08.04-16.05.12:259][  0]LogConfig: Setting CVar [[r.VolumetricFog:0]]
[2020.08.04-16.05.12:259][  0]LogConfig: Setting CVar [[r.LightMaxDrawDistanceScale:.5]]
[2020.08.04-16.05.12:259][  0]LogConfig: Setting CVar [[r.CapsuleShadows:1]]
[2020.08.04-16.05.12:259][  0]LogConfig: Applying CVar settings from Section [PostProcessQuality@1] File [C:/Users/user/Documents/Unreal Projects/MissilWarsVPerfory/Saved/Config/Windows/Scalability.ini]
[2020.08.04-16.05.12:259][  0]LogConfig: Setting CVar [[r.MotionBlurQuality:3]]
[2020.08.04-16.05.12:259][  0]LogConfig: Setting CVar [[r.AmbientOcclusionMipLevelFactor:1.0]]
[2020.08.04-16.05.12:259][  0]LogConfig: Setting CVar [[r.AmbientOcclusionMaxQuality:60]]
[2020.08.04-16.05.12:259][  0]LogConfig: Setting CVar [[r.AmbientOcclusionLevels:-1]]
[2020.08.04-16.05.12:259][  0]LogConfig: Setting CVar [[r.AmbientOcclusionRadiusScale:1.5]]
[2020.08.04-16.05.12:259][  0]LogConfig: Setting CVar [[r.DepthOfFieldQuality:1]]
[2020.08.04-16.05.12:259][  0]LogConfig: Setting CVar [[r.RenderTargetPoolMin:350]]
[2020.08.04-16.05.12:259][  0]LogConfig: Setting CVar [[r.LensFlareQuality:0]]
[2020.08.04-16.05.12:259][  0]LogConfig: Setting CVar [[r.SceneColorFringeQuality:0]]
[2020.08.04-16.05.12:259][  0]LogConfig: Setting CVar [[r.EyeAdaptationQuality:0]]
[2020.08.04-16.05.12:259][  0]LogConfig: Setting CVar [[r.BloomQuality:4]]
[2020.08.04-16.05.12:259][  0]LogConfig: Setting CVar [[r.FastBlurThreshold:2]]
[2020.08.04-16.05.12:259][  0]LogConfig: Setting CVar [[r.Upscale.Quality:2]]
[2020.08.04-16.05.12:259][  0]LogConfig: Setting CVar [[r.Tonemapper.GrainQuantization:0]]
[2020.08.04-16.05.12:259][  0]LogConfig: Setting CVar [[r.LightShaftQuality:0]]
[2020.08.04-16.05.12:259][  0]LogConfig: Setting CVar [[r.Filter.SizeScale:0.7]]
[2020.08.04-16.05.12:259][  0]LogConfig: Setting CVar [[r.Tonemapper.Quality:2]]
[2020.08.04-16.05.12:260][  0]LogConfig: Setting CVar [[r.DOF.Gather.AccumulatorQuality:0        ; lower gathering accumulator quality]]
[2020.08.04-16.05.12:260][  0]LogConfig: Setting CVar [[r.DOF.Gather.PostfilterMethod:2          ; Max3x3 postfilering method]]
[2020.08.04-16.05.12:260][  0]LogConfig: Setting CVar [[r.DOF.Gather.EnableBokehSettings:0       ; no bokeh simulation when gathering]]
[2020.08.04-16.05.12:260][  0]LogConfig: Setting CVar [[r.DOF.Gather.RingCount:3                 ; low number of samples when gathering]]
[2020.08.04-16.05.12:260][  0]LogConfig: Setting CVar [[r.DOF.Scatter.ForegroundCompositing:0    ; no foreground scattering]]
[2020.08.04-16.05.12:260][  0]LogConfig: Setting CVar [[r.DOF.Scatter.BackgroundCompositing:0    ; no foreground scattering]]
[2020.08.04-16.05.12:260][  0]LogConfig: Setting CVar [[r.DOF.Recombine.Quality:0                ; no slight out of focus]]
[2020.08.04-16.05.12:260][  0]LogConfig: Setting CVar [[r.DOF.TemporalAAQuality:0                ; faster temporal accumulation]]
[2020.08.04-16.05.12:260][  0]LogConfig: Setting CVar [[r.DOF.Kernel.MaxForegroundRadius:0.006   ; required because low gathering and no scattering and not looking great at 1080p]]
[2020.08.04-16.05.12:260][  0]LogConfig: Setting CVar [[r.DOF.Kernel.MaxBackgroundRadius:0.006   ; required because low gathering and no scattering and not looking great at 1080p]]
[2020.08.04-16.05.12:260][  0]LogConfig: Applying CVar settings from Section [TextureQuality@1] File [C:/Users/user/Documents/Unreal Projects/MissilWarsVPerfory/Saved/Config/Windows/Scalability.ini]
[2020.08.04-16.05.12:260][  0]LogConfig: Setting CVar [[r.Streaming.MipBias:1]]
[2020.08.04-16.05.12:260][  0]LogConfig: Setting CVar [[r.Streaming.AmortizeCPUToGPUCopy:0]]
[2020.08.04-16.05.12:260][  0]LogConfig: Setting CVar [[r.Streaming.MaxNumTexturesToStreamPerFrame:0]]
[2020.08.04-16.05.12:260][  0]LogConfig: Setting CVar [[r.Streaming.Boost:1]]
[2020.08.04-16.05.12:260][  0]LogConfig: Setting CVar [[r.MaxAnisotropy:2]]
[2020.08.04-16.05.12:260][  0]LogConfig: Setting CVar [[r.Streaming.LimitPoolSizeToVRAM:1]]
[2020.08.04-16.05.12:260][  0]LogConfig: Setting CVar [[r.Streaming.PoolSize:600]]
[2020.08.04-16.05.12:260][  0]LogConfig: Setting CVar [[r.Streaming.MaxEffectiveScreenSize:0]]
[2020.08.04-16.05.12:260][  0]LogConfig: Applying CVar settings from Section [EffectsQuality@1] File [C:/Users/user/Documents/Unreal Projects/MissilWarsVPerfory/Saved/Config/Windows/Scalability.ini]
[2020.08.04-16.05.12:260][  0]LogConfig: Setting CVar [[r.TranslucencyLightingVolumeDim:32]]
[2020.08.04-16.05.12:260][  0]LogConfig: Setting CVar [[r.RefractionQuality:0]]
[2020.08.04-16.05.12:260][  0]LogConfig: Setting CVar [[r.SSR.Quality:0]]
[2020.08.04-16.05.12:260][  0]LogConfig: Setting CVar [[r.SceneColorFormat:3]]
[2020.08.04-16.05.12:260][  0]LogConfig: Setting CVar [[r.DetailMode:1]]
[2020.08.04-16.05.12:260][  0]LogConfig: Setting CVar [[r.TranslucencyVolumeBlur:0]]
[2020.08.04-16.05.12:260][  0]LogConfig: Setting CVar [[r.MaterialQualityLevel:2 ; Medium quality]]
[2020.08.04-16.05.12:261][  0]LogConfig: Setting CVar [[r.SSS.Scale:0.75]]
[2020.08.04-16.05.12:261][  0]LogConfig: Setting CVar [[r.SSS.SampleSet:0]]
[2020.08.04-16.05.12:261][  0]LogConfig: Setting CVar [[r.SSS.Quality:0]]
[2020.08.04-16.05.12:261][  0]LogConfig: Setting CVar [[r.SSS.HalfRes:1]]
[2020.08.04-16.05.12:261][  0]LogConfig: Setting CVar [[r.EmitterSpawnRateScale:0.25]]
[2020.08.04-16.05.12:261][  0]LogConfig: Setting CVar [[r.ParticleLightQuality:0]]
[2020.08.04-16.05.12:261][  0]LogConfig: Applying CVar settings from Section [FoliageQuality@1] File [C:/Users/user/Documents/Unreal Projects/MissilWarsVPerfory/Saved/Config/Windows/Scalability.ini]
[2020.08.04-16.05.12:261][  0]LogConfig: Setting CVar [[foliage.DensityScale:0.4]]
[2020.08.04-16.05.12:261][  0]LogConfig: Setting CVar [[grass.DensityScale:0.4]]
[2020.08.04-16.05.12:261][  0]LogConfig: Applying CVar settings from Section [Startup] File [../../../Engine/Config/ConsoleVariables.ini]
[2020.08.04-16.05.12:261][  0]LogConfig: Setting CVar [[net.UseAdaptiveNetUpdateFrequency:0]]
[2020.08.04-16.05.12:261][  0]LogConfig: Setting CVar [[p.chaos.AllowCreatePhysxBodies:1]]
[2020.08.04-16.05.12:261][  0]LogConfig: Applying CVar settings from Section [ConsoleVariables] File [C:/Users/user/Documents/Unreal Projects/MissilWarsVPerfory/Saved/Config/Windows/Engine.ini]
[2020.08.04-16.05.12:261][  0]LogInit: Computer: DESKTOP-DQ42AU9
[2020.08.04-16.05.12:261][  0]LogInit: User: user
[2020.08.04-16.05.12:262][  0]LogInit: CPU Page size=4096, Cores=2
[2020.08.04-16.05.12:262][  0]LogInit: High frequency timer resolution =10.000000 MHz
[2020.08.04-16.05.12:262][  0]LogMemory: Memory total: Physical=15.9GB (16GB approx)
[2020.08.04-16.05.12:262][  0]LogMemory: Platform Memory Stats for Windows
[2020.08.04-16.05.12:262][  0]LogMemory: Process Physical Memory: 101.49 MB used, 101.50 MB peak
[2020.08.04-16.05.12:262][  0]LogMemory: Process Virtual Memory: 100.51 MB used, 100.51 MB peak
[2020.08.04-16.05.12:262][  0]LogMemory: Physical Memory: 6101.45 MB used,  10198.46 MB free, 16299.91 MB total
[2020.08.04-16.05.12:262][  0]LogMemory: Virtual Memory: 4641.64 MB used,  134213088.00 MB free, 134217728.00 MB total
[2020.08.04-16.05.12:267][  0]LogWindows: WindowsPlatformFeatures enabled
[2020.08.04-16.05.12:313][  0]LogInit: Using OS detected language (fr-FR).
[2020.08.04-16.05.12:313][  0]LogInit: Using OS detected locale (fr-FR).
[2020.08.04-16.05.12:315][  0]LogTextLocalizationManager: No specific localization for 'fr-FR' exists, so the 'fr' localization will be used.
[2020.08.04-16.05.12:316][  0]LogTextLocalizationResource: LocRes '../../../Engine/Content/Localization/Editor/fr/Editor.locres' could not be opened for reading!
[2020.08.04-16.05.12:316][  0]LogTextLocalizationResource: LocRes '../../../Engine/Content/Localization/EditorTutorials/fr/EditorTutorials.locres' could not be opened for reading!
[2020.08.04-16.05.12:316][  0]LogTextLocalizationResource: LocRes '../../../Engine/Content/Localization/Keywords/fr/Keywords.locres' could not be opened for reading!
[2020.08.04-16.05.12:317][  0]LogTextLocalizationResource: LocRes '../../../Engine/Content/Localization/Category/fr/Category.locres' could not be opened for reading!
[2020.08.04-16.05.12:317][  0]LogTextLocalizationResource: LocRes '../../../Engine/Content/Localization/ToolTips/fr/ToolTips.locres' could not be opened for reading!
[2020.08.04-16.05.12:317][  0]LogTextLocalizationResource: LocRes '../../../Engine/Content/Localization/PropertyNames/fr/PropertyNames.locres' could not be opened for reading!
[2020.08.04-16.05.12:317][  0]LogTextLocalizationResource: LocRes '../../../Engine/Content/Localization/Engine/fr/Engine.locres' could not be opened for reading!
[2020.08.04-16.05.12:319][  0]LogInit: Setting process to per monitor DPI aware
[2020.08.04-16.05.12:394][  0]LogSlate: New Slate User Created.  User Index 0, Is Virtual User: 0
[2020.08.04-16.05.12:394][  0]LogSlate: Slate User Registered.  User Index 0, Is Virtual User: 0
[2020.08.04-16.05.12:782][  0]LogHMD: Failed to initialize OpenVR with code 110
[2020.08.04-16.05.12:782][  0]LogD3D11RHI: D3D11 adapters:
[2020.08.04-16.05.12:814][  0]LogD3D11RHI:    0. 'AMD Radeon (TM) R7 M340' (Feature Level 11_0)
[2020.08.04-16.05.12:814][  0]LogD3D11RHI:       2039/0/8149 MB DedicatedVideo/DedicatedSystem/SharedSystem, Outputs:1, VendorId:0x1002
[2020.08.04-16.05.12:863][  0]LogD3D11RHI:    1. 'Intel(R) HD Graphics 620' (Feature Level 11_0)
[2020.08.04-16.05.12:863][  0]LogD3D11RHI:       128/0/8149 MB DedicatedVideo/DedicatedSystem/SharedSystem, Outputs:0, VendorId:0x8086
[2020.08.04-16.05.12:869][  0]LogD3D11RHI:    2. 'Microsoft Basic Render Driver' (Feature Level 11_0)
[2020.08.04-16.05.12:869][  0]LogD3D11RHI:       0/0/8149 MB DedicatedVideo/DedicatedSystem/SharedSystem, Outputs:0, VendorId:0x1414
[2020.08.04-16.05.12:869][  0]LogD3D11RHI: Chosen D3D11 Adapter: 0
[2020.08.04-16.05.12:877][  0]LogD3D11RHI: Creating new Direct3DDevice
[2020.08.04-16.05.12:878][  0]LogD3D11RHI:     GPU DeviceId: 0x6900 (for the marketing name, search the web for "GPU Device Id")
[2020.08.04-16.05.12:878][  0]LogWindows: EnumDisplayDevices:
[2020.08.04-16.05.12:878][  0]LogWindows:    0. 'Intel(R) HD Graphics 620' (P:1 D:1)
[2020.08.04-16.05.12:879][  0]LogWindows:    1. 'Intel(R) HD Graphics 620' (P:0 D:0)
[2020.08.04-16.05.12:879][  0]LogWindows:    2. 'Intel(R) HD Graphics 620' (P:0 D:0)
[2020.08.04-16.05.12:880][  0]LogWindows: DebugString: PrimaryIsNotTheChoosenAdapter PrimaryIsNotTheChoosenAdapter PrimaryIsNotTheChoosenAdapter FoundDriverCount:0 
[2020.08.04-16.05.12:880][  0]LogD3D11RHI:     Adapter Name: AMD Radeon (TM) R7 M340
[2020.08.04-16.05.12:880][  0]LogD3D11RHI:   Driver Version: Unknown (internal:Unknown, unified:Unknown)
[2020.08.04-16.05.12:880][  0]LogD3D11RHI:      Driver Date: Unknown
[2020.08.04-16.05.12:880][  0]LogRHI: Texture pool is 1427 MB (70% of 2039 MB)
[2020.08.04-16.05.12:922][  0]LogD3D11RHI: Async texture creation enabled
[2020.08.04-16.05.12:936][  0]LogD3D11RHI: GPU Timing Frequency: 27.000000 (Debug: 2 1)
[2020.08.04-16.05.13:550][  0]LogTemp: Display: Module 'AllDesktopTargetPlatform' loaded TargetPlatform 'AllDesktop'
[2020.08.04-16.05.13:565][  0]LogTemp: Display: Module 'MacClientTargetPlatform' loaded TargetPlatform 'MacClient'
[2020.08.04-16.05.13:582][  0]LogTemp: Display: Module 'MacNoEditorTargetPlatform' loaded TargetPlatform 'MacNoEditor'
[2020.08.04-16.05.13:598][  0]LogTemp: Display: Module 'MacServerTargetPlatform' loaded TargetPlatform 'MacServer'
[2020.08.04-16.05.13:614][  0]LogTemp: Display: Module 'MacTargetPlatform' loaded TargetPlatform 'Mac'
[2020.08.04-16.05.13:631][  0]LogTemp: Display: Module 'WindowsClientTargetPlatform' loaded TargetPlatform 'WindowsClient'
[2020.08.04-16.05.13:648][  0]LogTemp: Display: Module 'WindowsNoEditorTargetPlatform' loaded TargetPlatform 'WindowsNoEditor'
[2020.08.04-16.05.13:668][  0]LogTemp: Display: Module 'WindowsServerTargetPlatform' loaded TargetPlatform 'WindowsServer'
[2020.08.04-16.05.13:677][  0]LogTemp: Display: Module 'WindowsTargetPlatform' loaded TargetPlatform 'Windows'
[2020.08.04-16.05.13:724][  0]LogTemp: Display: Module 'AndroidTargetPlatform' loaded TargetPlatform 'Android'
[2020.08.04-16.05.13:724][  0]LogTemp: Display: Module 'AndroidTargetPlatform' loaded TargetPlatform 'Android_ASTC'
[2020.08.04-16.05.13:724][  0]LogTemp: Display: Module 'AndroidTargetPlatform' loaded TargetPlatform 'Android_ATC'
[2020.08.04-16.05.13:724][  0]LogTemp: Display: Module 'AndroidTargetPlatform' loaded TargetPlatform 'Android_DXT'
[2020.08.04-16.05.13:725][  0]LogTemp: Display: Module 'AndroidTargetPlatform' loaded TargetPlatform 'Android_ETC1'
[2020.08.04-16.05.13:725][  0]LogTemp: Display: Module 'AndroidTargetPlatform' loaded TargetPlatform 'Android_ETC1a'
[2020.08.04-16.05.13:725][  0]LogTemp: Display: Module 'AndroidTargetPlatform' loaded TargetPlatform 'Android_ETC2'
[2020.08.04-16.05.13:725][  0]LogTemp: Display: Module 'AndroidTargetPlatform' loaded TargetPlatform 'Android_PVRTC'
[2020.08.04-16.05.13:725][  0]LogTemp: Display: Module 'AndroidTargetPlatform' loaded TargetPlatform 'AndroidClient'
[2020.08.04-16.05.13:725][  0]LogTemp: Display: Module 'AndroidTargetPlatform' loaded TargetPlatform 'Android_ASTCClient'
[2020.08.04-16.05.13:725][  0]LogTemp: Display: Module 'AndroidTargetPlatform' loaded TargetPlatform 'Android_ATCClient'
[2020.08.04-16.05.13:725][  0]LogTemp: Display: Module 'AndroidTargetPlatform' loaded TargetPlatform 'Android_DXTClient'
[2020.08.04-16.05.13:725][  0]LogTemp: Display: Module 'AndroidTargetPlatform' loaded TargetPlatform 'Android_ETC1Client'
[2020.08.04-16.05.13:725][  0]LogTemp: Display: Module 'AndroidTargetPlatform' loaded TargetPlatform 'Android_ETC1aClient'
[2020.08.04-16.05.13:725][  0]LogTemp: Display: Module 'AndroidTargetPlatform' loaded TargetPlatform 'Android_ETC2Client'
[2020.08.04-16.05.13:725][  0]LogTemp: Display: Module 'AndroidTargetPlatform' loaded TargetPlatform 'Android_PVRTCClient'
[2020.08.04-16.05.13:725][  0]LogTemp: Display: Module 'AndroidTargetPlatform' loaded TargetPlatform 'Android_Multi'
[2020.08.04-16.05.13:725][  0]LogTemp: Display: Module 'AndroidTargetPlatform' loaded TargetPlatform 'Android_MultiClient'
[2020.08.04-16.05.13:728][  0]LogTemp: Display: Module 'HTML5TargetPlatform' loaded TargetPlatform 'HTML5'
[2020.08.04-16.05.13:756][  0]LogTemp: Display: Module 'IOSTargetPlatform' loaded TargetPlatform 'IOSClient'
[2020.08.04-16.05.13:757][  0]LogTemp: Display: Module 'IOSTargetPlatform' loaded TargetPlatform 'IOS'
[2020.08.04-16.05.13:778][  0]LogTemp: Display: Module 'TVOSTargetPlatform' loaded TargetPlatform 'TVOSClient'
[2020.08.04-16.05.13:779][  0]LogTemp: Display: Module 'TVOSTargetPlatform' loaded TargetPlatform 'TVOS'
[2020.08.04-16.05.13:790][  0]LogTemp: Display: Module 'LinuxClientTargetPlatform' loaded TargetPlatform 'LinuxClient'
[2020.08.04-16.05.13:801][  0]LogTemp: Display: Module 'LinuxNoEditorTargetPlatform' loaded TargetPlatform 'LinuxNoEditor'
[2020.08.04-16.05.13:813][  0]LogTemp: Display: Module 'LinuxServerTargetPlatform' loaded TargetPlatform 'LinuxServer'
[2020.08.04-16.05.13:827][  0]LogTemp: Display: Module 'LinuxTargetPlatform' loaded TargetPlatform 'Linux'
[2020.08.04-16.05.13:869][  0]LogTemp: Display: Module 'LuminTargetPlatform' loaded TargetPlatform 'Lumin'
[2020.08.04-16.05.13:869][  0]LogTemp: Display: Module 'LuminTargetPlatform' loaded TargetPlatform 'LuminClient'
[2020.08.04-16.05.13:869][  0]LogTargetPlatformManager: Display: Building Assets For Windows
[2020.08.04-16.05.13:890][  0]LogAudioDebug: Display: Lib vorbis DLL was dynamically loaded.
[2020.08.04-16.05.14:051][  0]LogShaderCompilers: Guid format shader working directory is -14 characters bigger than the processId version (C:/Users/user/Documents/Unreal Projects/MissilWarsVPerfory/Intermediate/Shaders/WorkingDirectory/12440/).
[2020.08.04-16.05.14:051][  0]LogShaderCompilers: Cleaned the shader compiler working directory 'C:/Users/user/AppData/Local/Temp/UnrealShaderWorkingDir/D3C41FDD487372CC95A117B0301E5E38/'.
[2020.08.04-16.05.14:057][  0]LogXGEController: Cleaning working directory: C:/Users/user/AppData/Local/Temp/UnrealXGEWorkingDir/
[2020.08.04-16.05.14:057][  0]LogXGEController: Cannot use XGE Controller as Incredibuild is not installed on this machine.
[2020.08.04-16.05.14:058][  0]LogShaderCompilers: Cannot use XGE Shader Compiler as Incredibuild is not installed on this machine.
[2020.08.04-16.05.14:058][  0]LogShaderCompilers: Display: Using Local Shader Compiler.
[2020.08.04-16.05.15:032][  0]LogDerivedDataCache: Display: Max Cache Size: 512 MB
[2020.08.04-16.05.15:093][  0]LogDerivedDataCache: Loaded boot cache 0.06s 73MB C:/Users/user/AppData/Local/UnrealEngine/4.23/DerivedDataCache/Boot.ddc.
[2020.08.04-16.05.15:094][  0]LogDerivedDataCache: Display: Loaded Boot cache: C:/Users/user/AppData/Local/UnrealEngine/4.23/DerivedDataCache/Boot.ddc
[2020.08.04-16.05.15:094][  0]LogDerivedDataCache: FDerivedDataBackendGraph:  Pak pak cache file C:/Users/user/Documents/Unreal Projects/MissilWarsVPerfory/DerivedDataCache/DDC.ddp not found, will not use a pak cache.
[2020.08.04-16.05.15:094][  0]LogDerivedDataCache: Unable to find inner node Pak for hierarchical cache Hierarchy.
[2020.08.04-16.05.15:094][  0]LogDerivedDataCache: FDerivedDataBackendGraph:  CompressedPak pak cache file C:/Users/user/Documents/Unreal Projects/MissilWarsVPerfory/DerivedDataCache/Compressed.ddp not found, will not use a pak cache.
[2020.08.04-16.05.15:094][  0]LogDerivedDataCache: Unable to find inner node CompressedPak for hierarchical cache Hierarchy.
[2020.08.04-16.05.15:110][  0]LogDerivedDataCache: Display: Pak cache opened for reading ../../../Engine/DerivedDataCache/Compressed.ddp.
[2020.08.04-16.05.15:110][  0]LogDerivedDataCache: FDerivedDataBackendGraph:  EnterprisePak pak cache file ../../../Enterprise/DerivedDataCache/Compressed.ddp not found, will not use a pak cache.
[2020.08.04-16.05.15:111][  0]LogDerivedDataCache: Unable to find inner node EnterprisePak for hierarchical cache Hierarchy.
[2020.08.04-16.05.15:112][  0]LogDerivedDataCache: Using Local data cache path C:/Users/user/AppData/Local/UnrealEngine/Common/DerivedDataCache: Writable
[2020.08.04-16.05.15:112][  0]LogDerivedDataCache: Shared data cache path not found in *engine.ini, will not use an Shared cache.
[2020.08.04-16.05.15:112][  0]LogDerivedDataCache: Unable to find inner node Shared for hierarchical cache Hierarchy.
[2020.08.04-16.05.15:143][  0]LogMaterial: Verifying Global Shaders for PCD3D_SM5
[2020.08.04-16.05.15:148][  0]LogSlate: Using FreeType 2.6.0
[2020.08.04-16.05.15:149][  0]LogSlate: SlateFontServices - WITH_FREETYPE: 1, WITH_HARFBUZZ: 1
[2020.08.04-16.05.15:279][  0]LogAssetRegistry: FAssetRegistry took 0.0034 seconds to start up
[2020.08.04-16.05.15:693][  0]LogInit: Selected Device Profile: [Windows]
[2020.08.04-16.05.15:924][  0]LogMeshReduction: Using QuadricMeshReduction for automatic static mesh reduction
[2020.08.04-16.05.15:924][  0]LogMeshReduction: Using SimplygonMeshReduction for automatic skeletal mesh reduction
[2020.08.04-16.05.15:924][  0]LogMeshReduction: Using ProxyLODMeshReduction for automatic mesh merging
[2020.08.04-16.05.15:924][  0]LogMeshReduction: No distributed automatic mesh merging module available
[2020.08.04-16.05.15:924][  0]LogMeshMerging: No distributed automatic mesh merging module available
[2020.08.04-16.05.15:940][  0]LogNetVersion: MissilWarsVPerfory 1.0.0, NetCL: 8386587, EngineNetVer: 11, GameNetVer: 0 (Checksum: 3749403237)
[2020.08.04-16.05.16:597][  0]LogPackageLocalizationCache: Processed 13 localized package path(s) for 1 prioritized culture(s) in 0.063815 seconds
[2020.08.04-16.05.16:607][  0]LogUObjectArray: 43444 objects as part of root set at end of initial load.
[2020.08.04-16.05.16:607][  0]LogUObjectAllocator: 7548648 out of 0 bytes used by permanent object pool.
[2020.08.04-16.05.16:607][  0]LogUObjectArray: CloseDisregardForGC: 0/0 objects in disregard for GC pool
[2020.08.04-16.05.22:693][  0]LogPython: Using Python 2.7.14
[2020.08.04-16.05.23:597][  0]LogTcpMessaging: Initializing TcpMessaging bridge
[2020.08.04-16.05.23:602][  0]LogUdpMessaging: Initializing bridge on interface 0.0.0.0:0 to multicast group 230.0.0.1:6666.
[2020.08.04-16.05.23:711][  0]SourceControl: Source control is disabled
[2020.08.04-16.05.23:711][  0]SourceControl: Source control is disabled
[2020.08.04-16.05.23:713][  0]SourceControl: Source control is disabled
[2020.08.04-16.05.23:715][  0]SourceControl: Source control is disabled
[2020.08.04-16.05.23:984][  0]LogAndroidPermission: UAndroidPermissionCallbackProxy::GetInstance
[2020.08.04-16.05.24:418][  0]LogOcInput: OculusInput pre-init called
[2020.08.04-16.05.24:430][  0]LogWindows: Failed to load 'OVRPlugin.dll' (GetLastError=126)
[2020.08.04-16.05.24:430][  0]LogWindows: File 'OVRPlugin.dll' does not exist
[2020.08.04-16.05.24:555][  0]LogEngine: Initializing Engine...
[2020.08.04-16.05.24:556][  0]LogHMD: Failed to initialize OpenVR with code 110
[2020.08.04-16.05.24:558][  0]LogStats: UGameplayTagsManager::InitializeManager -  0.000 s
[2020.08.04-16.05.24:903][  0]LogInit: Initializing FReadOnlyCVARCache
[2020.08.04-16.05.24:949][  0]LogAIModule: Creating AISystem for world Untitled
[2020.08.04-16.05.25:038][  0]LogInit: XAudio2 using 'Haut-parleur/Ecouteurs (Realtek High Definition Audio)' : 2 channels at 48 kHz using 32 bits per sample (channel mask 0x3)
[2020.08.04-16.05.25:085][  0]LogInit: FAudioDevice initialized.
[2020.08.04-16.05.25:085][  0]LogNetVersion: Set ProjectVersion to 1.0.0.0. Version Checksum will be recalculated on next use.
[2020.08.04-16.05.25:201][  0]LogDerivedDataCache: Saved boot cache 0.12s 73MB C:/Users/user/AppData/Local/UnrealEngine/4.23/DerivedDataCache/Boot.ddc.
[2020.08.04-16.05.25:208][  0]LogInit: Texture streaming: Enabled
[2020.08.04-16.05.25:333][  0]LogInit: Transaction tracking system initialized
[2020.08.04-16.05.25:450][  0]BlueprintLog: New page: Editor Load
[2020.08.04-16.05.25:681][  0]LocalizationService: Localization service is disabled
[2020.08.04-16.05.26:925][  0]LogCook: Display: Max memory allowance for cook 16384mb min free memory 0mb
[2020.08.04-16.05.26:925][  0]LogCook: Display: Mobile HDR setting 1
[2020.08.04-16.05.27:352][  0]LogFileCache: Scanning file cache for directory 'C:/Users/user/Documents/Unreal Projects/MissilWarsVPerfory/Content/' took 0.01s
[2020.08.04-16.05.27:352][  0]SourceControl: Source control is disabled
[2020.08.04-16.05.27:352][  0]Cmd: MAP LOAD FILE="C:/Users/user/Documents/Unreal Projects/MissilWarsVPerfory/Content/Map/MAP.umap" TEMPLATE=0 SHOWPROGRESS=1 FEATURELEVEL=3
[2020.08.04-16.05.27:353][  0]LightingResults: New page: Lighting Build
[2020.08.04-16.05.27:361][  0]LogWorld: UWorld::CleanupWorld for Untitled, bSessionEnded=true, bCleanupResources=true
[2020.08.04-16.05.27:362][  0]MapCheck: New page: Map Check
[2020.08.04-16.05.27:362][  0]LightingResults: New page: Lighting Build
[2020.08.04-16.05.27:401][  0]LogUObjectHash: Compacting FUObjectHashTables data took   2.91ms
[2020.08.04-16.05.27:551][  0]LogAIModule: Creating AISystem for world MAP
[2020.08.04-16.05.27:561][  0]LogEditorServer: Finished looking for orphan Actors (0.000 secs)
[2020.08.04-16.05.27:689][  0]LogUObjectHash: Compacting FUObjectHashTables data took   3.02ms
[2020.08.04-16.05.27:689][  0]Cmd: MAP CHECKDEP NOCLEARLOG
[2020.08.04-16.05.27:689][  0]MapCheck: Map check complete: 0 Error(s), 0 Warning(s), took 0,217ms to complete.
[2020.08.04-16.05.27:690][  0]LogFileHelpers: Loading map 'MAP' took 0.337
[2020.08.04-16.05.29:258][  0]LogSlate: Only BGRA pngs, bmps or icos are supported in by External Image Picker
[2020.08.04-16.05.29:332][  0]LogSlate: Updating window title bar state: overlay mode, drag disabled, window buttons hidden, title bar hidden
[2020.08.04-16.05.29:344][  0]LogSlate: Updating window title bar state: overlay mode, drag disabled, window buttons hidden, title bar hidden
[2020.08.04-16.05.29:354][  0]LogSlate: Updating window title bar state: overlay mode, drag disabled, window buttons hidden, title bar hidden
[2020.08.04-16.05.29:364][  0]LogSlate: Updating window title bar state: overlay mode, drag disabled, window buttons hidden, title bar hidden
[2020.08.04-16.05.29:451][  0]LogCollectionManager: Loaded 0 collections in 0.005849 seconds
[2020.08.04-16.05.29:462][  0]LogFileCache: Scanning file cache for directory 'C:/Users/user/Documents/Unreal Projects/MissilWarsVPerfory/Saved/Collections/' took 0.00s
[2020.08.04-16.05.29:462][  0]LogFileCache: Scanning file cache for directory 'C:/Users/user/Documents/Unreal Projects/MissilWarsVPerfory/Content/Developers/user/Collections/' took 0.00s
[2020.08.04-16.05.29:463][  0]LogFileCache: Scanning file cache for directory 'C:/Users/user/Documents/Unreal Projects/MissilWarsVPerfory/Content/Collections/' took 0.00s
[2020.08.04-16.05.29:463][  0]LogCollectionManager: Rebuilt the GUID cache for 0 collections in 0.000002 seconds
[2020.08.04-16.05.29:474][  0]LogContentBrowser: Native class hierarchy populated in 0.0108 seconds. Added 2882 classes and 688 folders.
[2020.08.04-16.05.29:492][  0]LogContentBrowser: Native class hierarchy updated for 'WidgetCarousel' in 0.0003 seconds. Added 0 classes and 0 folders.
[2020.08.04-16.05.29:648][  0]LogContentBrowser: Native class hierarchy updated for 'AddContentDialog' in 0.0003 seconds. Added 0 classes and 0 folders.
[2020.08.04-16.05.29:693][  0]LogSlate: Took 0.000260 seconds to synchronously load lazily loaded font '../../../Engine/Content/Slate/Fonts/Roboto-Regular.ttf' (155K)
[2020.08.04-16.05.30:323][  0]LogSlate: Took 0.000362 seconds to synchronously load lazily loaded font '../../../Engine/Content/Slate/Fonts/Roboto-Bold.ttf' (160K)
[2020.08.04-16.05.30:334][  0]LogSlate: Took 0.000367 seconds to synchronously load lazily loaded font '../../../Engine/Content/Editor/Slate/Fonts/FontAwesome.ttf' (139K)
[2020.08.04-16.05.30:467][  0]LogRenderer: Reallocating scene render targets to support 1164x528 Format 9 NumSamples 1 (Frame:1).
[2020.08.04-16.05.31:108][  0]LogContentBrowser: Native class hierarchy updated for 'HierarchicalLODOutliner' in 0.0006 seconds. Added 0 classes and 0 folders.
[2020.08.04-16.05.31:109][  0]LogLoad: (Engine Initialization) Total time: 23.14 seconds
[2020.08.04-16.05.31:109][  0]LogLoad: (Engine Initialization) Total Blueprint compile time: 0.00 seconds
[2020.08.04-16.05.31:246][  0]LogContentStreaming: Texture pool size now 600 MB
[2020.08.04-16.05.31:295][  0]LogRenderer: Reallocating scene render targets to support 1164x544 Format 9 NumSamples 1 (Frame:2).
[2020.08.04-16.05.31:295][  0]LogSlate: Took 0.000418 seconds to synchronously load lazily loaded font '../../../Engine/Content/Slate/Fonts/Roboto-Light.ttf' (167K)
[2020.08.04-16.05.31:478][  2]LogAssetRegistry: Asset discovery search completed in 16.2007 seconds
[2020.08.04-16.05.31:485][  2]LogCollectionManager: Rebuilt the object cache for 0 collections in 0.000006 seconds (found 0 objects)
[2020.08.04-16.05.31:485][  2]LogCollectionManager: Fixed up redirectors for 0 collections in 0.000144 seconds (updated 0 objects)
[2020.08.04-16.05.45:672][634]LogEditorViewport: Clicking on Actor (LMB): NavMeshBoundsVolume (NavMeshBoundsVolume2)
[2020.08.04-16.05.58:673][218]LogSlate: FSceneViewport::OnFocusLost() reason 0
[2020.08.04-16.05.59:438][252]LogEditorViewport: Clicking on Actor (LMB): StaticMeshActor (MissilMap)
[2020.08.04-16.05.59:870][265]LogEditorViewport: Clicking on Actor (LMB): BP_Sky_Sphere_C (Sky Sphere)
[2020.08.04-16.06.34:122][594]LogSlate: FSceneViewport::OnFocusLost() reason 0
[2020.08.04-16.06.40:768][905]LogSlate: Prevented a slow task dialog from being summoned while a context menu was open
[2020.08.04-16.06.41:534][905]LogMaterial: Display: Missing cached shader map for material M_RDS_Master, compiling. 
[2020.08.04-16.06.41:618][905]LogMaterial: Display: Missing cached shader map for material M_RDS_Master, compiling. 
[2020.08.04-16.06.41:646][905]LogShaderCompilers: Display: Worker (1/3): shaders left to compile 20
[2020.08.04-16.06.41:646][905]LogShaderCompilers: Display: Worker (2/3): shaders left to compile 13
[2020.08.04-16.06.41:646][905]LogShaderCompilers: Display: Worker (3/3): shaders left to compile 6
[2020.08.04-16.06.41:646][905]LogMaterial: Display: Missing cached shader map for material M_Weapon_Master_USE, compiling. 
[2020.08.04-16.06.41:907][905]LogMaterial: Display: Missing cached shader map for material M_RDS_Glass, compiling. 
[2020.08.04-16.06.42:025][905]LogMaterial: Display: Missing cached shader map for material M_Scope_Lens_MASTER, compiling. 
[2020.08.04-16.06.42:077][905]LogMaterial: Display: Missing cached shader map for material M_Scope_Lens_MASTER, compiling. 
[2020.08.04-16.06.42:418][905]LogAIModule: Creating AISystem for world Weapons_Showcase
[2020.08.04-16.06.42:420][905]LogActorComponent: RegisterComponentWithWorld: (/Game/FPS_Weapon_Bundle/Maps/Weapons_Showcase.Weapons_Showcase:PersistentLevel.WorldSettings_1.StaticMeshComponent0) Trying to register component with IsPendingKill() == true. Aborting.
[2020.08.04-16.06.42:498][905]LogTexture: Display: Building textures: T_Desert_Marpat_Pattern (AutoDXT, 512X512)
[2020.08.04-16.06.42:498][905]LogMaterial: Display: Missing cached shader map for material M_Weapon_Master_USE, compiling. 
[2020.08.04-16.07.07:795][905]LogTexture: Display: Building textures: T_KA47_Gold_ALB (AutoDXT, 2048X2048)
[2020.08.04-16.07.07:795][905]LogTexture: Display: Building textures: T_KA47_Gold_M_MSK (AutoDXT, 2048X2048)
[2020.08.04-16.07.07:795][905]LogShaderCompilers: Display: Worker (1/3): shaders left to compile 371
[2020.08.04-16.07.07:795][905]LogTexture: Display: Building textures: T_KA74U_Gold_ALB (AutoDXT, 2048X2048)
[2020.08.04-16.07.07:795][905]LogTexture: Display: Building textures: T_KA74U_Gold_M_MSK (AutoDXT, 2048X2048)
[2020.08.04-16.07.07:795][905]LogShaderCompilers: Display: Worker (3/3): shaders left to compile 361
[2020.08.04-16.07.07:795][905]LogTexture: Display: Building textures: T_LeafSpray_Pattern (AutoDXT, 1024X1024)
[2020.08.04-16.07.07:796][905]LogShaderCompilers: Display: Worker (2/3): shaders left to compile 351
[2020.08.04-16.07.07:796][905]LogTexture: Display: Building textures: T_KA_Val_Black_ALB (AutoDXT, 2048X2048)
[2020.08.04-16.07.07:796][905]LogShaderCompilers: Display: Worker (1/3): shaders left to compile 341
[2020.08.04-16.07.07:796][905]LogTexture: Display: Building textures: T_Wood_Marpat_Pattern (AutoDXT, 512X512)
[2020.08.04-16.07.07:796][905]LogTexture: Display: Building textures: T_RDS_02 (BGRA8, 64X64)
[2020.08.04-16.07.07:796][905]LogTexture: Display: Building textures: T_RDS_03 (BGRA8, 64X64)
[2020.08.04-16.07.07:796][905]LogTexture: Display: Building textures: T_Urban_Marpat_Pattern (AutoDXT, 512X512)
[2020.08.04-16.07.07:796][905]LogMaterial: Display: Missing cached shader map for material M_Weapon_Master_USE, compiling. 
[2020.08.04-16.07.08:079][905]LogStaticMesh: Building static mesh SM_Scope_25x56_X...
[2020.08.04-16.07.08:178][905]LogStaticMesh: Built static mesh [0.10s] /Game/FPS_Weapon_Bundle/Weapons/Meshes/Accessories/SM_Scope_25x56_X.SM_Scope_25x56_X
[2020.08.04-16.07.08:241][905]LogSkeletalMesh: Building Skeletal Mesh SK_AR4_X...
[2020.08.04-16.07.08:291][905]LogSkeletalMesh: Built Skeletal Mesh [0.05s] /Game/FPS_Weapon_Bundle/Weapons/Meshes/AR4/SK_AR4_X.SK_AR4_X
[2020.08.04-16.07.08:505][905]LogStaticMesh: Building static mesh SM_AR4...
[2020.08.04-16.07.08:682][905]LogStaticMesh: Built static mesh [0.18s] /Game/FPS_Weapon_Bundle/Weapons/Meshes/AR4/SM_AR4.SM_AR4
[2020.08.04-16.07.08:944][905]LogShaderCompilers: Display: Worker (2/3): shaders left to compile 439
[2020.08.04-16.07.08:944][905]LogStaticMesh: Building static mesh SM_AR4_X...
[2020.08.04-16.07.09:125][905]LogStaticMesh: Built static mesh [0.18s] /Game/FPS_Weapon_Bundle/Weapons/Meshes/AR4/SM_AR4_X.SM_AR4_X
[2020.08.04-16.07.09:195][905]LogSkeletalMesh: Building Skeletal Mesh SK_G67...
[2020.08.04-16.07.09:198][905]LogSkeletalMesh: Built Skeletal Mesh [0.00s] /Game/FPS_Weapon_Bundle/Weapons/Meshes/G67_Grenade/SK_G67.SK_G67
[2020.08.04-16.07.09:228][905]LogStaticMesh: Building static mesh SM_G67...
[2020.08.04-16.07.09:242][905]LogStaticMesh: Built static mesh [0.01s] /Game/FPS_Weapon_Bundle/Weapons/Meshes/G67_Grenade/SM_G67.SM_G67
[2020.08.04-16.07.09:275][905]LogStaticMesh: Building static mesh SM_G67_Thrown...
[2020.08.04-16.07.09:358][905]LogStaticMesh: Built static mesh [0.08s] /Game/FPS_Weapon_Bundle/Weapons/Meshes/G67_Grenade/SM_G67_Thrown.SM_G67_Thrown
[2020.08.04-16.07.09:391][905]LogStaticMesh: Building static mesh SM_G67_X...
[2020.08.04-16.07.09:406][905]LogStaticMesh: Built static mesh [0.01s] /Game/FPS_Weapon_Bundle/Weapons/Meshes/G67_Grenade/SM_G67_X.SM_G67_X
[2020.08.04-16.07.09:440][905]LogSkeletalMesh: Building Skeletal Mesh SK_KA47_X...
[2020.08.04-16.07.09:455][905]LogSkeletalMesh: Built Skeletal Mesh [0.02s] /Game/FPS_Weapon_Bundle/Weapons/Meshes/Ka47/SK_KA47_X.SK_KA47_X
[2020.08.04-16.07.09:590][905]LogStaticMesh: Building static mesh SM_KA47...
[2020.08.04-16.07.10:452][905]LogStaticMesh: Built static mesh [0.86s] /Game/FPS_Weapon_Bundle/Weapons/Meshes/Ka47/SM_KA47.SM_KA47
[2020.08.04-16.07.10:614][905]LogStaticMesh: Building static mesh SM_KA47_X...
[2020.08.04-16.07.11:469][905]LogStaticMesh: Built static mesh [0.85s] /Game/FPS_Weapon_Bundle/Weapons/Meshes/Ka47/SM_KA47_X.SM_KA47_X
[2020.08.04-16.07.11:574][905]LogStaticMesh: Building static mesh SM_KA74U_Mag_Empty_Y...
[2020.08.04-16.07.11:587][905]LogStaticMesh: Built static mesh [0.01s] /Game/FPS_Weapon_Bundle/Weapons/Meshes/KA74U/SM_KA74U_Mag_Empty_Y.SM_KA74U_Mag_Empty_Y
[2020.08.04-16.07.11:627][905]LogStaticMesh: Building static mesh SM_KA74U_Mag_Y...
[2020.08.04-16.07.11:645][905]LogStaticMesh: Built static mesh [0.02s] /Game/FPS_Weapon_Bundle/Weapons/Meshes/KA74U/SM_KA74U_Mag_Y.SM_KA74U_Mag_Y
[2020.08.04-16.07.11:846][905]LogStaticMesh: Building static mesh SM_KA74U_X...
[2020.08.04-16.07.11:996][905]LogStaticMesh: Built static mesh [0.15s] /Game/FPS_Weapon_Bundle/Weapons/Meshes/KA74U/SM_KA74U_X.SM_KA74U_X
[2020.08.04-16.07.12:238][905]LogStaticMesh: Building static mesh SM_KA74U_Y...
[2020.08.04-16.07.12:392][905]LogStaticMesh: Built static mesh [0.16s] /Game/FPS_Weapon_Bundle/Weapons/Meshes/KA74U/SM_KA74U_Y.SM_KA74U_Y
[2020.08.04-16.07.12:473][905]LogSkeletalMesh: Building Skeletal Mesh SK_KA_Val_X...
[2020.08.04-16.07.12:498][905]LogSkeletalMesh: Built Skeletal Mesh [0.02s] /Game/FPS_Weapon_Bundle/Weapons/Meshes/KA_Val/SK_KA_Val_X.SK_KA_Val_X
[2020.08.04-16.07.12:533][905]LogStaticMesh: Building static mesh SM_KA_Val_Mag_X...
[2020.08.04-16.07.12:550][905]LogStaticMesh: Built static mesh [0.02s] /Game/FPS_Weapon_Bundle/Weapons/Meshes/KA_Val/SM_KA_Val_Mag_X.SM_KA_Val_Mag_X
[2020.08.04-16.07.12:730][905]LogStaticMesh: Building static mesh SM_KA_Val_X...
[2020.08.04-16.07.12:863][905]LogStaticMesh: Built static mesh [0.13s] /Game/FPS_Weapon_Bundle/Weapons/Meshes/KA_Val/SM_KA_Val_X.SM_KA_Val_X
[2020.08.04-16.07.13:080][905]LogShaderCompilers: Display: Worker (3/3): shaders left to compile 429
[2020.08.04-16.07.13:080][905]LogStaticMesh: Building static mesh SM_KA_Val_Y...
[2020.08.04-16.07.13:212][905]LogStaticMesh: Built static mesh [0.13s] /Game/FPS_Weapon_Bundle/Weapons/Meshes/KA_Val/SM_KA_Val_Y.SM_KA_Val_Y
[2020.08.04-16.07.13:269][905]LogSkeletalMesh: Building Skeletal Mesh SK_M9_Knife...
[2020.08.04-16.07.13:273][905]LogSkeletalMesh: Built Skeletal Mesh [0.00s] /Game/FPS_Weapon_Bundle/Weapons/Meshes/M9_Knife/SK_M9_Knife.SK_M9_Knife
[2020.08.04-16.07.13:314][905]LogStaticMesh: Building static mesh SM_M9_Knife...
[2020.08.04-16.07.13:398][905]LogStaticMesh: Built static mesh [0.08s] /Game/FPS_Weapon_Bundle/Weapons/Meshes/M9_Knife/SM_M9_Knife.SM_M9_Knife
[2020.08.04-16.07.13:450][905]LogStaticMesh: Building static mesh SM_M9_Knife_X...
[2020.08.04-16.07.13:526][905]LogStaticMesh: Built static mesh [0.08s] /Game/FPS_Weapon_Bundle/Weapons/Meshes/M9_Knife/SM_M9_Knife_X.SM_M9_Knife_X
[2020.08.04-16.07.13:556][905]LogSkeletalMesh: Building Skeletal Mesh SK_SMG11_Nostock_X...
[2020.08.04-16.07.13:564][905]LogSkeletalMesh: Built Skeletal Mesh [0.01s] /Game/FPS_Weapon_Bundle/Weapons/Meshes/SMG11/SK_SMG11_Nostock_X.SK_SMG11_Nostock_X
[2020.08.04-16.07.13:590][905]LogSkeletalMesh: Building Skeletal Mesh SK_SMG11_X...
[2020.08.04-16.07.13:602][905]LogSkeletalMesh: Built Skeletal Mesh [0.01s] /Game/FPS_Weapon_Bundle/Weapons/Meshes/SMG11/SK_SMG11_X.SK_SMG11_X
[2020.08.04-16.07.13:618][905]LogStaticMesh: Building static mesh SM_SMG11_Mag_Empty_Y...
[2020.08.04-16.07.13:624][905]LogStaticMesh: Built static mesh [0.01s] /Game/FPS_Weapon_Bundle/Weapons/Meshes/SMG11/SM_SMG11_Mag_Empty_Y.SM_SMG11_Mag_Empty_Y
[2020.08.04-16.07.13:691][905]LogStaticMesh: Building static mesh SM_SMG11_Nostock_X...
[2020.08.04-16.07.13:731][905]LogStaticMesh: Built static mesh [0.04s] /Game/FPS_Weapon_Bundle/Weapons/Meshes/SMG11/SM_SMG11_Nostock_X.SM_SMG11_Nostock_X
[2020.08.04-16.07.13:807][905]LogStaticMesh: Building static mesh SM_SMG11_Nostock_Y...
[2020.08.04-16.07.13:860][905]LogStaticMesh: Built static mesh [0.05s] /Game/FPS_Weapon_Bundle/Weapons/Meshes/SMG11/SM_SMG11_Nostock_Y.SM_SMG11_Nostock_Y
[2020.08.04-16.07.13:966][905]LogStaticMesh: Building static mesh SM_SMG11_X...
[2020.08.04-16.07.14:025][905]LogStaticMesh: Built static mesh [0.06s] /Game/FPS_Weapon_Bundle/Weapons/Meshes/SMG11/SM_SMG11_X.SM_SMG11_X
[2020.08.04-16.07.14:131][905]LogStaticMesh: Building static mesh SM_SMG11_Y...
[2020.08.04-16.07.14:187][905]LogStaticMesh: Built static mesh [0.06s] /Game/FPS_Weapon_Bundle/Weapons/Meshes/SMG11/SM_SMG11_Y.SM_SMG11_Y
